running develop
Removing /home/jacksonaguiar/Questoes-Trabalhos-Inteli-M6/ponderada2/workspace/install/robot_controller/lib/python3.10/site-packages/robot-controller.egg-link (link to .)
running egg_info
writing ../../build/robot_controller/robot_controller.egg-info/PKG-INFO
writing dependency_links to ../../build/robot_controller/robot_controller.egg-info/dependency_links.txt
writing entry points to ../../build/robot_controller/robot_controller.egg-info/entry_points.txt
writing requirements to ../../build/robot_controller/robot_controller.egg-info/requires.txt
writing top-level names to ../../build/robot_controller/robot_controller.egg-info/top_level.txt
reading manifest file '../../build/robot_controller/robot_controller.egg-info/SOURCES.txt'
writing manifest file '../../build/robot_controller/robot_controller.egg-info/SOURCES.txt'
running build
running build_py
copying robot_controller/robot_node.py -> /home/jacksonaguiar/Questoes-Trabalhos-Inteli-M6/ponderada2/workspace/build/robot_controller/build/lib/robot_controller
running install
running install_lib
creating /home/jacksonaguiar/Questoes-Trabalhos-Inteli-M6/ponderada2/workspace/install/robot_controller/lib/python3.10/site-packages/robot_controller
copying /home/jacksonaguiar/Questoes-Trabalhos-Inteli-M6/ponderada2/workspace/build/robot_controller/build/lib/robot_controller/robot_node.py -> /home/jacksonaguiar/Questoes-Trabalhos-Inteli-M6/ponderada2/workspace/install/robot_controller/lib/python3.10/site-packages/robot_controller
copying /home/jacksonaguiar/Questoes-Trabalhos-Inteli-M6/ponderada2/workspace/build/robot_controller/build/lib/robot_controller/__init__.py -> /home/jacksonaguiar/Questoes-Trabalhos-Inteli-M6/ponderada2/workspace/install/robot_controller/lib/python3.10/site-packages/robot_controller
byte-compiling /home/jacksonaguiar/Questoes-Trabalhos-Inteli-M6/ponderada2/workspace/install/robot_controller/lib/python3.10/site-packages/robot_controller/robot_node.py to robot_node.cpython-310.pyc
byte-compiling /home/jacksonaguiar/Questoes-Trabalhos-Inteli-M6/ponderada2/workspace/install/robot_controller/lib/python3.10/site-packages/robot_controller/__init__.py to __init__.cpython-310.pyc
running install_data
running install_egg_info
Copying ../../build/robot_controller/robot_controller.egg-info to /home/jacksonaguiar/Questoes-Trabalhos-Inteli-M6/ponderada2/workspace/install/robot_controller/lib/python3.10/site-packages/robot_controller-1.0.0-py3.10.egg-info
running install_scripts
Installing test_node script to /home/jacksonaguiar/Questoes-Trabalhos-Inteli-M6/ponderada2/workspace/install/robot_controller/lib/robot_controller
writing list of installed files to '/home/jacksonaguiar/Questoes-Trabalhos-Inteli-M6/ponderada2/workspace/build/robot_controller/install.log'
