[1.925s] DEBUG:colcon:Command line arguments: ['/usr/bin/colcon', 'build', '--symlink-install']
[1.925s] DEBUG:colcon:Parsed command line arguments: Namespace(log_base=None, log_level=None, verb_name='build', build_base='build', install_base='install', merge_install=False, symlink_install=True, test_result_base=None, continue_on_error=False, executor='parallel', parallel_workers=8, event_handlers=None, ignore_user_meta=False, metas=['./colcon.meta'], base_paths=['.'], packages_ignore=None, packages_ignore_regex=None, paths=None, packages_up_to=None, packages_up_to_regex=None, packages_above=None, packages_above_and_dependencies=None, packages_above_depth=None, packages_select_by_dep=None, packages_skip_by_dep=None, packages_skip_up_to=None, packages_select_build_failed=False, packages_skip_build_finished=False, packages_select_test_failures=False, packages_skip_test_passed=False, packages_select=None, packages_skip=None, packages_select_regex=None, packages_skip_regex=None, packages_start=None, packages_end=None, allow_overriding=[], cmake_args=None, cmake_target=None, cmake_target_skip_unavailable=False, cmake_clean_cache=False, cmake_clean_first=False, cmake_force_configure=False, ament_cmake_args=None, catkin_cmake_args=None, catkin_skip_building_tests=False, verb_parser=<colcon_defaults.argument_parser.defaults.DefaultArgumentsDecorator object at 0x7f8bafece950>, verb_extension=<colcon_core.verb.build.BuildVerb object at 0x7f8bafece3e0>, main=<bound method BuildVerb.main of <colcon_core.verb.build.BuildVerb object at 0x7f8bafece3e0>>)
[2.039s] Level 1:colcon.colcon_core.package_discovery:discover_packages(colcon_meta) check parameters
[2.039s] Level 1:colcon.colcon_core.package_discovery:discover_packages(recursive) check parameters
[2.039s] Level 1:colcon.colcon_core.package_discovery:discover_packages(ignore) check parameters
[2.039s] Level 1:colcon.colcon_core.package_discovery:discover_packages(path) check parameters
[2.039s] Level 1:colcon.colcon_core.package_discovery:discover_packages(colcon_meta) discover
[2.039s] Level 1:colcon.colcon_core.package_discovery:discover_packages(recursive) discover
[2.039s] INFO:colcon.colcon_core.package_discovery:Crawling recursively for packages in '/home/jacksonaguiar/Questoes-Trabalhos-Inteli-M6/ponderada3/workspace'
[2.039s] Level 1:colcon.colcon_core.package_identification:_identify(.) by extensions ['ignore', 'ignore_ament_install']
[2.040s] Level 1:colcon.colcon_core.package_identification:_identify(.) by extension 'ignore'
[2.040s] Level 1:colcon.colcon_core.package_identification:_identify(.) by extension 'ignore_ament_install'
[2.040s] Level 1:colcon.colcon_core.package_identification:_identify(.) by extensions ['colcon_pkg']
[2.040s] Level 1:colcon.colcon_core.package_identification:_identify(.) by extension 'colcon_pkg'
[2.040s] Level 1:colcon.colcon_core.package_identification:_identify(.) by extensions ['colcon_meta']
[2.040s] Level 1:colcon.colcon_core.package_identification:_identify(.) by extension 'colcon_meta'
[2.040s] Level 1:colcon.colcon_core.package_identification:_identify(.) by extensions ['ros']
[2.040s] Level 1:colcon.colcon_core.package_identification:_identify(.) by extension 'ros'
[2.068s] Level 1:colcon.colcon_core.package_identification:_identify(.) by extensions ['cmake', 'python']
[2.068s] Level 1:colcon.colcon_core.package_identification:_identify(.) by extension 'cmake'
[2.068s] Level 1:colcon.colcon_core.package_identification:_identify(.) by extension 'python'
[2.068s] Level 1:colcon.colcon_core.package_identification:_identify(.) by extensions ['python_setup_py']
[2.068s] Level 1:colcon.colcon_core.package_identification:_identify(.) by extension 'python_setup_py'
[2.068s] Level 1:colcon.colcon_core.package_identification:_identify(build) by extensions ['ignore', 'ignore_ament_install']
[2.068s] Level 1:colcon.colcon_core.package_identification:_identify(build) by extension 'ignore'
[2.068s] Level 1:colcon.colcon_core.package_identification:_identify(build) ignored
[2.069s] Level 1:colcon.colcon_core.package_identification:_identify(install) by extensions ['ignore', 'ignore_ament_install']
[2.069s] Level 1:colcon.colcon_core.package_identification:_identify(install) by extension 'ignore'
[2.069s] Level 1:colcon.colcon_core.package_identification:_identify(install) ignored
[2.069s] Level 1:colcon.colcon_core.package_identification:_identify(log) by extensions ['ignore', 'ignore_ament_install']
[2.069s] Level 1:colcon.colcon_core.package_identification:_identify(log) by extension 'ignore'
[2.069s] Level 1:colcon.colcon_core.package_identification:_identify(log) ignored
[2.069s] Level 1:colcon.colcon_core.package_identification:_identify(src) by extensions ['ignore', 'ignore_ament_install']
[2.069s] Level 1:colcon.colcon_core.package_identification:_identify(src) by extension 'ignore'
[2.070s] Level 1:colcon.colcon_core.package_identification:_identify(src) by extension 'ignore_ament_install'
[2.070s] Level 1:colcon.colcon_core.package_identification:_identify(src) by extensions ['colcon_pkg']
[2.070s] Level 1:colcon.colcon_core.package_identification:_identify(src) by extension 'colcon_pkg'
[2.070s] Level 1:colcon.colcon_core.package_identification:_identify(src) by extensions ['colcon_meta']
[2.070s] Level 1:colcon.colcon_core.package_identification:_identify(src) by extension 'colcon_meta'
[2.070s] Level 1:colcon.colcon_core.package_identification:_identify(src) by extensions ['ros']
[2.070s] Level 1:colcon.colcon_core.package_identification:_identify(src) by extension 'ros'
[2.070s] Level 1:colcon.colcon_core.package_identification:_identify(src) by extensions ['cmake', 'python']
[2.070s] Level 1:colcon.colcon_core.package_identification:_identify(src) by extension 'cmake'
[2.070s] Level 1:colcon.colcon_core.package_identification:_identify(src) by extension 'python'
[2.070s] Level 1:colcon.colcon_core.package_identification:_identify(src) by extensions ['python_setup_py']
[2.070s] Level 1:colcon.colcon_core.package_identification:_identify(src) by extension 'python_setup_py'
[2.071s] Level 1:colcon.colcon_core.package_identification:_identify(src/cv_controller) by extensions ['ignore', 'ignore_ament_install']
[2.071s] Level 1:colcon.colcon_core.package_identification:_identify(src/cv_controller) by extension 'ignore'
[2.071s] Level 1:colcon.colcon_core.package_identification:_identify(src/cv_controller) by extension 'ignore_ament_install'
[2.071s] Level 1:colcon.colcon_core.package_identification:_identify(src/cv_controller) by extensions ['colcon_pkg']
[2.071s] Level 1:colcon.colcon_core.package_identification:_identify(src/cv_controller) by extension 'colcon_pkg'
[2.071s] Level 1:colcon.colcon_core.package_identification:_identify(src/cv_controller) by extensions ['colcon_meta']
[2.071s] Level 1:colcon.colcon_core.package_identification:_identify(src/cv_controller) by extension 'colcon_meta'
[2.071s] Level 1:colcon.colcon_core.package_identification:_identify(src/cv_controller) by extensions ['ros']
[2.071s] Level 1:colcon.colcon_core.package_identification:_identify(src/cv_controller) by extension 'ros'
[2.079s] DEBUG:colcon.colcon_core.package_identification:Package 'src/cv_controller' with type 'ros.ament_python' and name 'cv_controller'
[2.079s] Level 1:colcon.colcon_core.package_discovery:discover_packages(recursive) using defaults
[2.079s] Level 1:colcon.colcon_core.package_discovery:discover_packages(ignore) discover
[2.079s] Level 1:colcon.colcon_core.package_discovery:discover_packages(ignore) using defaults
[2.079s] Level 1:colcon.colcon_core.package_discovery:discover_packages(path) discover
[2.079s] Level 1:colcon.colcon_core.package_discovery:discover_packages(path) using defaults
[2.148s] Level 1:colcon.colcon_core.package_discovery:discover_packages(prefix_path) check parameters
[2.148s] Level 1:colcon.colcon_core.package_discovery:discover_packages(prefix_path) discover
[2.158s] DEBUG:colcon.colcon_installed_package_information.package_discovery:Found 3 installed packages in /home/jacksonaguiar/turtlebot3_ws/install
[2.160s] DEBUG:colcon.colcon_installed_package_information.package_discovery:Found 1 installed packages in /home/jacksonaguiar/Questoes-Trabalhos-Inteli-M6/ponderada2/workspace/install
[2.162s] DEBUG:colcon.colcon_installed_package_information.package_discovery:Found 376 installed packages in /opt/ros/humble
[2.165s] Level 1:colcon.colcon_core.package_discovery:discover_packages(prefix_path) using defaults
[2.295s] Level 5:colcon.colcon_core.verb:set package 'cv_controller' build argument 'cmake_args' from command line to 'None'
[2.295s] Level 5:colcon.colcon_core.verb:set package 'cv_controller' build argument 'cmake_target' from command line to 'None'
[2.295s] Level 5:colcon.colcon_core.verb:set package 'cv_controller' build argument 'cmake_target_skip_unavailable' from command line to 'False'
[2.295s] Level 5:colcon.colcon_core.verb:set package 'cv_controller' build argument 'cmake_clean_cache' from command line to 'False'
[2.296s] Level 5:colcon.colcon_core.verb:set package 'cv_controller' build argument 'cmake_clean_first' from command line to 'False'
[2.296s] Level 5:colcon.colcon_core.verb:set package 'cv_controller' build argument 'cmake_force_configure' from command line to 'False'
[2.296s] Level 5:colcon.colcon_core.verb:set package 'cv_controller' build argument 'ament_cmake_args' from command line to 'None'
[2.296s] Level 5:colcon.colcon_core.verb:set package 'cv_controller' build argument 'catkin_cmake_args' from command line to 'None'
[2.296s] Level 5:colcon.colcon_core.verb:set package 'cv_controller' build argument 'catkin_skip_building_tests' from command line to 'False'
[2.296s] DEBUG:colcon.colcon_core.verb:Building package 'cv_controller' with the following arguments: {'ament_cmake_args': None, 'build_base': '/home/jacksonaguiar/Questoes-Trabalhos-Inteli-M6/ponderada3/workspace/build/cv_controller', 'catkin_cmake_args': None, 'catkin_skip_building_tests': False, 'cmake_args': None, 'cmake_clean_cache': False, 'cmake_clean_first': False, 'cmake_force_configure': False, 'cmake_target': None, 'cmake_target_skip_unavailable': False, 'install_base': '/home/jacksonaguiar/Questoes-Trabalhos-Inteli-M6/ponderada3/workspace/install/cv_controller', 'merge_install': False, 'path': '/home/jacksonaguiar/Questoes-Trabalhos-Inteli-M6/ponderada3/workspace/src/cv_controller', 'symlink_install': True, 'test_result_base': None}
[2.297s] INFO:colcon.colcon_core.executor:Executing jobs using 'parallel' executor
[2.302s] DEBUG:colcon.colcon_parallel_executor.executor.parallel:run_until_complete
[2.302s] INFO:colcon.colcon_ros.task.ament_python.build:Building ROS package in '/home/jacksonaguiar/Questoes-Trabalhos-Inteli-M6/ponderada3/workspace/src/cv_controller' with build type 'ament_python'
[2.302s] Level 1:colcon.colcon_core.shell:create_environment_hook('cv_controller', 'ament_prefix_path')
[2.320s] INFO:colcon.colcon_core.plugin_system:Skipping extension 'colcon_core.shell.bat': Not used on non-Windows systems
[2.320s] INFO:colcon.colcon_core.shell:Creating environment hook '/home/jacksonaguiar/Questoes-Trabalhos-Inteli-M6/ponderada3/workspace/install/cv_controller/share/cv_controller/hook/ament_prefix_path.ps1'
[2.323s] INFO:colcon.colcon_core.shell:Creating environment descriptor '/home/jacksonaguiar/Questoes-Trabalhos-Inteli-M6/ponderada3/workspace/install/cv_controller/share/cv_controller/hook/ament_prefix_path.dsv'
[2.324s] INFO:colcon.colcon_core.shell:Creating environment hook '/home/jacksonaguiar/Questoes-Trabalhos-Inteli-M6/ponderada3/workspace/install/cv_controller/share/cv_controller/hook/ament_prefix_path.sh'
[2.327s] INFO:colcon.colcon_core.shell:Skip shell extension 'powershell' for command environment: Not usable outside of PowerShell
[2.327s] DEBUG:colcon.colcon_core.shell:Skip shell extension 'dsv' for command environment
[2.705s] INFO:colcon.colcon_core.task.python.build:Building Python package in '/home/jacksonaguiar/Questoes-Trabalhos-Inteli-M6/ponderada3/workspace/src/cv_controller'
[2.708s] INFO:colcon.colcon_core.shell:Skip shell extension 'powershell' for command environment: Not usable outside of PowerShell
[2.708s] DEBUG:colcon.colcon_core.shell:Skip shell extension 'dsv' for command environment
[4.157s] DEBUG:colcon.colcon_core.event_handler.log_command:Invoking command in '/home/jacksonaguiar/Questoes-Trabalhos-Inteli-M6/ponderada3/workspace/build/cv_controller': PYTHONPATH=/home/jacksonaguiar/Questoes-Trabalhos-Inteli-M6/ponderada3/workspace/build/cv_controller/prefix_override:/home/jacksonaguiar/Questoes-Trabalhos-Inteli-M6/ponderada3/workspace/install/cv_controller/lib/python3.10/site-packages:${PYTHONPATH} /usr/bin/python3 setup.py develop --editable --build-directory /home/jacksonaguiar/Questoes-Trabalhos-Inteli-M6/ponderada3/workspace/build/cv_controller/build --no-deps install_data
[5.117s] Level 1:colcon.colcon_core.shell:create_environment_hook('cv_controller', 'pythonpath_develop')
[5.119s] INFO:colcon.colcon_core.shell:Creating environment hook '/home/jacksonaguiar/Questoes-Trabalhos-Inteli-M6/ponderada3/workspace/build/cv_controller/share/cv_controller/hook/pythonpath_develop.ps1'
[5.120s] DEBUG:colcon.colcon_core.event_handler.log_command:Invoked command in '/home/jacksonaguiar/Questoes-Trabalhos-Inteli-M6/ponderada3/workspace/build/cv_controller' returned '0': PYTHONPATH=/home/jacksonaguiar/Questoes-Trabalhos-Inteli-M6/ponderada3/workspace/build/cv_controller/prefix_override:/home/jacksonaguiar/Questoes-Trabalhos-Inteli-M6/ponderada3/workspace/install/cv_controller/lib/python3.10/site-packages:${PYTHONPATH} /usr/bin/python3 setup.py develop --editable --build-directory /home/jacksonaguiar/Questoes-Trabalhos-Inteli-M6/ponderada3/workspace/build/cv_controller/build --no-deps install_data
[5.120s] INFO:colcon.colcon_core.shell:Creating environment descriptor '/home/jacksonaguiar/Questoes-Trabalhos-Inteli-M6/ponderada3/workspace/build/cv_controller/share/cv_controller/hook/pythonpath_develop.dsv'
[5.120s] INFO:colcon.colcon_core.shell:Creating environment hook '/home/jacksonaguiar/Questoes-Trabalhos-Inteli-M6/ponderada3/workspace/build/cv_controller/share/cv_controller/hook/pythonpath_develop.sh'
[5.139s] Level 1:colcon.colcon_core.environment:checking '/home/jacksonaguiar/Questoes-Trabalhos-Inteli-M6/ponderada3/workspace/install/cv_controller' for CMake module files
[5.139s] Level 1:colcon.colcon_core.environment:checking '/home/jacksonaguiar/Questoes-Trabalhos-Inteli-M6/ponderada3/workspace/install/cv_controller' for CMake config files
[5.140s] Level 1:colcon.colcon_core.environment:checking '/home/jacksonaguiar/Questoes-Trabalhos-Inteli-M6/ponderada3/workspace/install/cv_controller/lib'
[5.140s] Level 1:colcon.colcon_core.environment:checking '/home/jacksonaguiar/Questoes-Trabalhos-Inteli-M6/ponderada3/workspace/install/cv_controller/bin'
[5.140s] Level 1:colcon.colcon_core.environment:checking '/home/jacksonaguiar/Questoes-Trabalhos-Inteli-M6/ponderada3/workspace/install/cv_controller/lib/pkgconfig/cv_controller.pc'
[5.141s] Level 1:colcon.colcon_core.environment:checking '/home/jacksonaguiar/Questoes-Trabalhos-Inteli-M6/ponderada3/workspace/install/cv_controller/lib/python3.10/site-packages'
[5.141s] Level 1:colcon.colcon_core.shell:create_environment_hook('cv_controller', 'pythonpath')
[5.143s] INFO:colcon.colcon_core.shell:Creating environment hook '/home/jacksonaguiar/Questoes-Trabalhos-Inteli-M6/ponderada3/workspace/install/cv_controller/share/cv_controller/hook/pythonpath.ps1'
[5.143s] INFO:colcon.colcon_core.shell:Creating environment descriptor '/home/jacksonaguiar/Questoes-Trabalhos-Inteli-M6/ponderada3/workspace/install/cv_controller/share/cv_controller/hook/pythonpath.dsv'
[5.143s] INFO:colcon.colcon_core.shell:Creating environment hook '/home/jacksonaguiar/Questoes-Trabalhos-Inteli-M6/ponderada3/workspace/install/cv_controller/share/cv_controller/hook/pythonpath.sh'
[5.144s] Level 1:colcon.colcon_core.environment:checking '/home/jacksonaguiar/Questoes-Trabalhos-Inteli-M6/ponderada3/workspace/install/cv_controller/bin'
[5.144s] Level 1:colcon.colcon_core.environment:create_environment_scripts_only(cv_controller)
[5.146s] INFO:colcon.colcon_core.shell:Creating package script '/home/jacksonaguiar/Questoes-Trabalhos-Inteli-M6/ponderada3/workspace/install/cv_controller/share/cv_controller/package.ps1'
[5.147s] INFO:colcon.colcon_core.shell:Creating package descriptor '/home/jacksonaguiar/Questoes-Trabalhos-Inteli-M6/ponderada3/workspace/install/cv_controller/share/cv_controller/package.dsv'
[5.149s] INFO:colcon.colcon_core.shell:Creating package script '/home/jacksonaguiar/Questoes-Trabalhos-Inteli-M6/ponderada3/workspace/install/cv_controller/share/cv_controller/package.sh'
[5.151s] INFO:colcon.colcon_core.shell:Creating package script '/home/jacksonaguiar/Questoes-Trabalhos-Inteli-M6/ponderada3/workspace/install/cv_controller/share/cv_controller/package.bash'
[5.153s] INFO:colcon.colcon_core.shell:Creating package script '/home/jacksonaguiar/Questoes-Trabalhos-Inteli-M6/ponderada3/workspace/install/cv_controller/share/cv_controller/package.zsh'
[5.155s] Level 1:colcon.colcon_core.environment:create_file_with_runtime_dependencies(/home/jacksonaguiar/Questoes-Trabalhos-Inteli-M6/ponderada3/workspace/install/cv_controller/share/colcon-core/packages/cv_controller)
[5.156s] DEBUG:colcon.colcon_parallel_executor.executor.parallel:closing loop
[5.157s] DEBUG:colcon.colcon_parallel_executor.executor.parallel:loop closed
[5.157s] DEBUG:colcon.colcon_parallel_executor.executor.parallel:run_until_complete finished with '0'
[5.157s] DEBUG:colcon.colcon_core.event_reactor:joining thread
[5.767s] INFO:colcon.colcon_core.plugin_system:Skipping extension 'colcon_notification.desktop_notification.notify_send': Could not find 'notify-send'
[5.767s] INFO:colcon.colcon_core.plugin_system:Skipping extension 'colcon_notification.desktop_notification.terminal_notifier': Not used on non-Darwin systems
[5.768s] INFO:colcon.colcon_core.plugin_system:Skipping extension 'colcon_notification.desktop_notification.win32': Not used on non-Windows systems
[5.768s] INFO:colcon.colcon_notification.desktop_notification:Sending desktop notification using 'notify2'
[5.842s] DEBUG:colcon.colcon_notification.desktop_notification.notify2:Failed to initialize notify2: org.freedesktop.DBus.Error.ServiceUnknown: The name org.freedesktop.Notifications was not provided by any .service files
[5.842s] DEBUG:colcon.colcon_core.event_reactor:joined thread
[5.845s] INFO:colcon.colcon_core.shell:Creating prefix script '/home/jacksonaguiar/Questoes-Trabalhos-Inteli-M6/ponderada3/workspace/install/local_setup.ps1'
[5.847s] INFO:colcon.colcon_core.shell:Creating prefix util module '/home/jacksonaguiar/Questoes-Trabalhos-Inteli-M6/ponderada3/workspace/install/_local_setup_util_ps1.py'
[5.849s] INFO:colcon.colcon_core.shell:Creating prefix chain script '/home/jacksonaguiar/Questoes-Trabalhos-Inteli-M6/ponderada3/workspace/install/setup.ps1'
[5.852s] INFO:colcon.colcon_core.shell:Creating prefix script '/home/jacksonaguiar/Questoes-Trabalhos-Inteli-M6/ponderada3/workspace/install/local_setup.sh'
[5.854s] INFO:colcon.colcon_core.shell:Creating prefix util module '/home/jacksonaguiar/Questoes-Trabalhos-Inteli-M6/ponderada3/workspace/install/_local_setup_util_sh.py'
[5.855s] INFO:colcon.colcon_core.shell:Creating prefix chain script '/home/jacksonaguiar/Questoes-Trabalhos-Inteli-M6/ponderada3/workspace/install/setup.sh'
[5.858s] INFO:colcon.colcon_core.shell:Creating prefix script '/home/jacksonaguiar/Questoes-Trabalhos-Inteli-M6/ponderada3/workspace/install/local_setup.bash'
[5.860s] INFO:colcon.colcon_core.shell:Creating prefix chain script '/home/jacksonaguiar/Questoes-Trabalhos-Inteli-M6/ponderada3/workspace/install/setup.bash'
[5.863s] INFO:colcon.colcon_core.shell:Creating prefix script '/home/jacksonaguiar/Questoes-Trabalhos-Inteli-M6/ponderada3/workspace/install/local_setup.zsh'
[5.865s] INFO:colcon.colcon_core.shell:Creating prefix chain script '/home/jacksonaguiar/Questoes-Trabalhos-Inteli-M6/ponderada3/workspace/install/setup.zsh'
