[1.164s] Invoking command in '/home/jacksonaguiar/Questoes-Trabalhos-Inteli-M6/ponderada2/workspace/build/robot_controller': PYTHONPATH=/home/jacksonaguiar/Questoes-Trabalhos-Inteli-M6/ponderada2/workspace/build/robot_controller/prefix_override:/home/jacksonaguiar/Questoes-Trabalhos-Inteli-M6/ponderada2/workspace/install/robot_controller/lib/python3.10/site-packages:${PYTHONPATH} /usr/bin/python3 setup.py develop --uninstall --editable --build-directory /home/jacksonaguiar/Questoes-Trabalhos-Inteli-M6/ponderada2/workspace/build/robot_controller/build
[1.634s] running develop
[1.988s] Invoked command in '/home/jacksonaguiar/Questoes-Trabalhos-Inteli-M6/ponderada2/workspace/build/robot_controller' returned '0': PYTHONPATH=/home/jacksonaguiar/Questoes-Trabalhos-Inteli-M6/ponderada2/workspace/build/robot_controller/prefix_override:/home/jacksonaguiar/Questoes-Trabalhos-Inteli-M6/ponderada2/workspace/install/robot_controller/lib/python3.10/site-packages:${PYTHONPATH} /usr/bin/python3 setup.py develop --uninstall --editable --build-directory /home/jacksonaguiar/Questoes-Trabalhos-Inteli-M6/ponderada2/workspace/build/robot_controller/build
[1.990s] Invoking command in '/home/jacksonaguiar/Questoes-Trabalhos-Inteli-M6/ponderada2/workspace/src/robot_controller': PYTHONPATH=/home/jacksonaguiar/Questoes-Trabalhos-Inteli-M6/ponderada2/workspace/build/robot_controller/prefix_override:/home/jacksonaguiar/Questoes-Trabalhos-Inteli-M6/ponderada2/workspace/install/robot_controller/lib/python3.10/site-packages:${PYTHONPATH} /usr/bin/python3 setup.py egg_info --egg-base ../../build/robot_controller build --build-base /home/jacksonaguiar/Questoes-Trabalhos-Inteli-M6/ponderada2/workspace/build/robot_controller/build install --record /home/jacksonaguiar/Questoes-Trabalhos-Inteli-M6/ponderada2/workspace/build/robot_controller/install.log --single-version-externally-managed
[2.446s] running egg_info
[2.448s] writing ../../build/robot_controller/robot_controller.egg-info/PKG-INFO
[2.448s] writing dependency_links to ../../build/robot_controller/robot_controller.egg-info/dependency_links.txt
[2.448s] writing entry points to ../../build/robot_controller/robot_controller.egg-info/entry_points.txt
[2.449s] writing requirements to ../../build/robot_controller/robot_controller.egg-info/requires.txt
[2.449s] writing top-level names to ../../build/robot_controller/robot_controller.egg-info/top_level.txt
[2.452s] reading manifest file '../../build/robot_controller/robot_controller.egg-info/SOURCES.txt'
[2.455s] writing manifest file '../../build/robot_controller/robot_controller.egg-info/SOURCES.txt'
[2.456s] running build
[2.456s] running build_py
[2.457s] copying robot_controller/robot_node.py -> /home/jacksonaguiar/Questoes-Trabalhos-Inteli-M6/ponderada2/workspace/build/robot_controller/build/lib/robot_controller
[2.457s] running install
[2.458s] running install_lib
[2.459s] copying /home/jacksonaguiar/Questoes-Trabalhos-Inteli-M6/ponderada2/workspace/build/robot_controller/build/lib/robot_controller/robot_node.py -> /home/jacksonaguiar/Questoes-Trabalhos-Inteli-M6/ponderada2/workspace/install/robot_controller/lib/python3.10/site-packages/robot_controller
[2.460s] byte-compiling /home/jacksonaguiar/Questoes-Trabalhos-Inteli-M6/ponderada2/workspace/install/robot_controller/lib/python3.10/site-packages/robot_controller/robot_node.py to robot_node.cpython-310.pyc
[2.461s] running install_data
[2.462s] running install_egg_info
[2.464s] removing '/home/jacksonaguiar/Questoes-Trabalhos-Inteli-M6/ponderada2/workspace/install/robot_controller/lib/python3.10/site-packages/robot_controller-1.0.0-py3.10.egg-info' (and everything under it)
[2.465s] Copying ../../build/robot_controller/robot_controller.egg-info to /home/jacksonaguiar/Questoes-Trabalhos-Inteli-M6/ponderada2/workspace/install/robot_controller/lib/python3.10/site-packages/robot_controller-1.0.0-py3.10.egg-info
[2.466s] running install_scripts
[2.499s] Installing test_node script to /home/jacksonaguiar/Questoes-Trabalhos-Inteli-M6/ponderada2/workspace/install/robot_controller/lib/robot_controller
[2.500s] writing list of installed files to '/home/jacksonaguiar/Questoes-Trabalhos-Inteli-M6/ponderada2/workspace/build/robot_controller/install.log'
[2.575s] Invoked command in '/home/jacksonaguiar/Questoes-Trabalhos-Inteli-M6/ponderada2/workspace/src/robot_controller' returned '0': PYTHONPATH=/home/jacksonaguiar/Questoes-Trabalhos-Inteli-M6/ponderada2/workspace/build/robot_controller/prefix_override:/home/jacksonaguiar/Questoes-Trabalhos-Inteli-M6/ponderada2/workspace/install/robot_controller/lib/python3.10/site-packages:${PYTHONPATH} /usr/bin/python3 setup.py egg_info --egg-base ../../build/robot_controller build --build-base /home/jacksonaguiar/Questoes-Trabalhos-Inteli-M6/ponderada2/workspace/build/robot_controller/build install --record /home/jacksonaguiar/Questoes-Trabalhos-Inteli-M6/ponderada2/workspace/build/robot_controller/install.log --single-version-externally-managed
