[0.554s] Invoking command in '/home/jacksonaguiar/Questoes-Trabalhos-Inteli-M6/ponderada4/workspace/src/build/image_controller': PYTHONPATH=/home/jacksonaguiar/Questoes-Trabalhos-Inteli-M6/ponderada4/workspace/src/build/image_controller/prefix_override:/home/jacksonaguiar/Questoes-Trabalhos-Inteli-M6/ponderada4/workspace/src/install/image_controller/lib/python3.10/site-packages:${PYTHONPATH} /usr/bin/python3 setup.py develop --editable --build-directory /home/jacksonaguiar/Questoes-Trabalhos-Inteli-M6/ponderada4/workspace/src/build/image_controller/build --no-deps install_data
[0.787s] running develop
[0.932s] running egg_info
[0.932s] creating image_controller.egg-info
[0.932s] writing image_controller.egg-info/PKG-INFO
[0.933s] writing dependency_links to image_controller.egg-info/dependency_links.txt
[0.933s] writing entry points to image_controller.egg-info/entry_points.txt
[0.933s] writing requirements to image_controller.egg-info/requires.txt
[0.934s] writing top-level names to image_controller.egg-info/top_level.txt
[0.934s] writing manifest file 'image_controller.egg-info/SOURCES.txt'
[0.935s] reading manifest file 'image_controller.egg-info/SOURCES.txt'
[0.936s] writing manifest file 'image_controller.egg-info/SOURCES.txt'
[0.938s] running build_ext
[0.938s] Creating /home/jacksonaguiar/Questoes-Trabalhos-Inteli-M6/ponderada4/workspace/src/install/image_controller/lib/python3.10/site-packages/image-controller.egg-link (link to .)
[0.939s] Installing publisher_image script to /home/jacksonaguiar/Questoes-Trabalhos-Inteli-M6/ponderada4/workspace/src/install/image_controller/lib/image_controller
[0.939s] Installing subscriber_image script to /home/jacksonaguiar/Questoes-Trabalhos-Inteli-M6/ponderada4/workspace/src/install/image_controller/lib/image_controller
[0.940s] 
[0.940s] Installed /home/jacksonaguiar/Questoes-Trabalhos-Inteli-M6/ponderada4/workspace/src/build/image_controller
[0.940s] running install_data
[0.941s] creating /home/jacksonaguiar/Questoes-Trabalhos-Inteli-M6/ponderada4/workspace/src/install/image_controller/share/ament_index
[0.941s] creating /home/jacksonaguiar/Questoes-Trabalhos-Inteli-M6/ponderada4/workspace/src/install/image_controller/share/ament_index/resource_index
[0.941s] creating /home/jacksonaguiar/Questoes-Trabalhos-Inteli-M6/ponderada4/workspace/src/install/image_controller/share/ament_index/resource_index/packages
[0.941s] copying resource/image_controller -> /home/jacksonaguiar/Questoes-Trabalhos-Inteli-M6/ponderada4/workspace/src/install/image_controller/share/ament_index/resource_index/packages
[0.942s] copying package.xml -> /home/jacksonaguiar/Questoes-Trabalhos-Inteli-M6/ponderada4/workspace/src/install/image_controller/share/image_controller
[0.967s] Invoked command in '/home/jacksonaguiar/Questoes-Trabalhos-Inteli-M6/ponderada4/workspace/src/build/image_controller' returned '0': PYTHONPATH=/home/jacksonaguiar/Questoes-Trabalhos-Inteli-M6/ponderada4/workspace/src/build/image_controller/prefix_override:/home/jacksonaguiar/Questoes-Trabalhos-Inteli-M6/ponderada4/workspace/src/install/image_controller/lib/python3.10/site-packages:${PYTHONPATH} /usr/bin/python3 setup.py develop --editable --build-directory /home/jacksonaguiar/Questoes-Trabalhos-Inteli-M6/ponderada4/workspace/src/build/image_controller/build --no-deps install_data
