[0.867s] Invoking command in '/home/jacksonaguiar/Questoes-Trabalhos-Inteli-M6/ponderada2/workspace/src/robot_controller': PYTHONPATH=/home/jacksonaguiar/Questoes-Trabalhos-Inteli-M6/ponderada2/workspace/build/robot_controller/prefix_override:/home/jacksonaguiar/Questoes-Trabalhos-Inteli-M6/ponderada2/workspace/install/robot_controller/lib/python3.10/site-packages:${PYTHONPATH} /usr/bin/python3 setup.py egg_info --egg-base ../../build/robot_controller build --build-base /home/jacksonaguiar/Questoes-Trabalhos-Inteli-M6/ponderada2/workspace/build/robot_controller/build install --record /home/jacksonaguiar/Questoes-Trabalhos-Inteli-M6/ponderada2/workspace/build/robot_controller/install.log --single-version-externally-managed
[1.093s] running egg_info
[1.094s] writing ../../build/robot_controller/robot_controller.egg-info/PKG-INFO
[1.095s] writing dependency_links to ../../build/robot_controller/robot_controller.egg-info/dependency_links.txt
[1.095s] writing entry points to ../../build/robot_controller/robot_controller.egg-info/entry_points.txt
[1.095s] writing requirements to ../../build/robot_controller/robot_controller.egg-info/requires.txt
[1.095s] writing top-level names to ../../build/robot_controller/robot_controller.egg-info/top_level.txt
[1.097s] reading manifest file '../../build/robot_controller/robot_controller.egg-info/SOURCES.txt'
[1.098s] writing manifest file '../../build/robot_controller/robot_controller.egg-info/SOURCES.txt'
[1.099s] running build
[1.099s] running build_py
[1.100s] copying robot_controller/robot_node.py -> /home/jacksonaguiar/Questoes-Trabalhos-Inteli-M6/ponderada2/workspace/build/robot_controller/build/lib/robot_controller
[1.100s] running install
[1.101s] running install_lib
[1.102s] copying /home/jacksonaguiar/Questoes-Trabalhos-Inteli-M6/ponderada2/workspace/build/robot_controller/build/lib/robot_controller/robot_node.py -> /home/jacksonaguiar/Questoes-Trabalhos-Inteli-M6/ponderada2/workspace/install/robot_controller/lib/python3.10/site-packages/robot_controller
[1.103s] byte-compiling /home/jacksonaguiar/Questoes-Trabalhos-Inteli-M6/ponderada2/workspace/install/robot_controller/lib/python3.10/site-packages/robot_controller/robot_node.py to robot_node.cpython-310.pyc
[1.103s] running install_data
[1.105s] copying package.xml -> /home/jacksonaguiar/Questoes-Trabalhos-Inteli-M6/ponderada2/workspace/install/robot_controller/share/robot_controller
[1.105s] running install_egg_info
[1.107s] Copying ../../build/robot_controller/robot_controller.egg-info to /home/jacksonaguiar/Questoes-Trabalhos-Inteli-M6/ponderada2/workspace/install/robot_controller/lib/python3.10/site-packages/robot_controller-1.0.0-py3.10.egg-info
[1.108s] running install_scripts
[1.127s] Installing test_node script to /home/jacksonaguiar/Questoes-Trabalhos-Inteli-M6/ponderada2/workspace/install/robot_controller/lib/robot_controller
[1.127s] writing list of installed files to '/home/jacksonaguiar/Questoes-Trabalhos-Inteli-M6/ponderada2/workspace/build/robot_controller/install.log'
[1.150s] Invoked command in '/home/jacksonaguiar/Questoes-Trabalhos-Inteli-M6/ponderada2/workspace/src/robot_controller' returned '0': PYTHONPATH=/home/jacksonaguiar/Questoes-Trabalhos-Inteli-M6/ponderada2/workspace/build/robot_controller/prefix_override:/home/jacksonaguiar/Questoes-Trabalhos-Inteli-M6/ponderada2/workspace/install/robot_controller/lib/python3.10/site-packages:${PYTHONPATH} /usr/bin/python3 setup.py egg_info --egg-base ../../build/robot_controller build --build-base /home/jacksonaguiar/Questoes-Trabalhos-Inteli-M6/ponderada2/workspace/build/robot_controller/build install --record /home/jacksonaguiar/Questoes-Trabalhos-Inteli-M6/ponderada2/workspace/build/robot_controller/install.log --single-version-externally-managed
