[2.540s] DEBUG:colcon:Command line arguments: ['/usr/bin/colcon', 'build']
[2.541s] DEBUG:colcon:Parsed command line arguments: Namespace(log_base=None, log_level=None, verb_name='build', build_base='build', install_base='install', merge_install=False, symlink_install=False, test_result_base=None, continue_on_error=False, executor='parallel', parallel_workers=8, event_handlers=None, ignore_user_meta=False, metas=['./colcon.meta'], base_paths=['.'], packages_ignore=None, packages_ignore_regex=None, paths=None, packages_up_to=None, packages_up_to_regex=None, packages_above=None, packages_above_and_dependencies=None, packages_above_depth=None, packages_select_by_dep=None, packages_skip_by_dep=None, packages_skip_up_to=None, packages_select_build_failed=False, packages_skip_build_finished=False, packages_select_test_failures=False, packages_skip_test_passed=False, packages_select=None, packages_skip=None, packages_select_regex=None, packages_skip_regex=None, packages_start=None, packages_end=None, allow_overriding=[], cmake_args=None, cmake_target=None, cmake_target_skip_unavailable=False, cmake_clean_cache=False, cmake_clean_first=False, cmake_force_configure=False, ament_cmake_args=None, catkin_cmake_args=None, catkin_skip_building_tests=False, verb_parser=<colcon_defaults.argument_parser.defaults.DefaultArgumentsDecorator object at 0x7f68fac82860>, verb_extension=<colcon_core.verb.build.BuildVerb object at 0x7f68fac822f0>, main=<bound method BuildVerb.main of <colcon_core.verb.build.BuildVerb object at 0x7f68fac822f0>>)
[2.750s] Level 1:colcon.colcon_core.package_discovery:discover_packages(colcon_meta) check parameters
[2.751s] Level 1:colcon.colcon_core.package_discovery:discover_packages(recursive) check parameters
[2.751s] Level 1:colcon.colcon_core.package_discovery:discover_packages(ignore) check parameters
[2.751s] Level 1:colcon.colcon_core.package_discovery:discover_packages(path) check parameters
[2.751s] Level 1:colcon.colcon_core.package_discovery:discover_packages(colcon_meta) discover
[2.751s] Level 1:colcon.colcon_core.package_discovery:discover_packages(recursive) discover
[2.752s] INFO:colcon.colcon_core.package_discovery:Crawling recursively for packages in '/home/jacksonaguiar/Questoes-Trabalhos-Inteli-M6/ponderada3/workspace'
[2.752s] Level 1:colcon.colcon_core.package_identification:_identify(.) by extensions ['ignore', 'ignore_ament_install']
[2.752s] Level 1:colcon.colcon_core.package_identification:_identify(.) by extension 'ignore'
[2.753s] Level 1:colcon.colcon_core.package_identification:_identify(.) by extension 'ignore_ament_install'
[2.753s] Level 1:colcon.colcon_core.package_identification:_identify(.) by extensions ['colcon_pkg']
[2.753s] Level 1:colcon.colcon_core.package_identification:_identify(.) by extension 'colcon_pkg'
[2.753s] Level 1:colcon.colcon_core.package_identification:_identify(.) by extensions ['colcon_meta']
[2.753s] Level 1:colcon.colcon_core.package_identification:_identify(.) by extension 'colcon_meta'
[2.753s] Level 1:colcon.colcon_core.package_identification:_identify(.) by extensions ['ros']
[2.754s] Level 1:colcon.colcon_core.package_identification:_identify(.) by extension 'ros'
[2.810s] Level 1:colcon.colcon_core.package_identification:_identify(.) by extensions ['cmake', 'python']
[2.810s] Level 1:colcon.colcon_core.package_identification:_identify(.) by extension 'cmake'
[2.810s] Level 1:colcon.colcon_core.package_identification:_identify(.) by extension 'python'
[2.811s] Level 1:colcon.colcon_core.package_identification:_identify(.) by extensions ['python_setup_py']
[2.811s] Level 1:colcon.colcon_core.package_identification:_identify(.) by extension 'python_setup_py'
[2.811s] Level 1:colcon.colcon_core.package_identification:_identify(build) by extensions ['ignore', 'ignore_ament_install']
[2.812s] Level 1:colcon.colcon_core.package_identification:_identify(build) by extension 'ignore'
[2.812s] Level 1:colcon.colcon_core.package_identification:_identify(build) ignored
[2.812s] Level 1:colcon.colcon_core.package_identification:_identify(install) by extensions ['ignore', 'ignore_ament_install']
[2.813s] Level 1:colcon.colcon_core.package_identification:_identify(install) by extension 'ignore'
[2.813s] Level 1:colcon.colcon_core.package_identification:_identify(install) ignored
[2.813s] Level 1:colcon.colcon_core.package_identification:_identify(log) by extensions ['ignore', 'ignore_ament_install']
[2.814s] Level 1:colcon.colcon_core.package_identification:_identify(log) by extension 'ignore'
[2.814s] Level 1:colcon.colcon_core.package_identification:_identify(log) ignored
[2.814s] Level 1:colcon.colcon_core.package_discovery:discover_packages(recursive) using defaults
[2.814s] Level 1:colcon.colcon_core.package_discovery:discover_packages(ignore) discover
[2.814s] Level 1:colcon.colcon_core.package_discovery:discover_packages(ignore) using defaults
[2.814s] Level 1:colcon.colcon_core.package_discovery:discover_packages(path) discover
[2.814s] Level 1:colcon.colcon_core.package_discovery:discover_packages(path) using defaults
[2.950s] Level 1:colcon.colcon_core.package_discovery:discover_packages(prefix_path) check parameters
[2.950s] Level 1:colcon.colcon_core.package_discovery:discover_packages(prefix_path) discover
[2.973s] DEBUG:colcon.colcon_installed_package_information.package_discovery:Found 3 installed packages in /home/jacksonaguiar/turtlebot3_ws/install
[2.976s] DEBUG:colcon.colcon_installed_package_information.package_discovery:Found 1 installed packages in /home/jacksonaguiar/Questoes-Trabalhos-Inteli-M6/ponderada2/workspace/install
[2.984s] DEBUG:colcon.colcon_installed_package_information.package_discovery:Found 376 installed packages in /opt/ros/humble
[2.991s] Level 1:colcon.colcon_core.package_discovery:discover_packages(prefix_path) using defaults
[3.307s] INFO:colcon.colcon_core.executor:Executing jobs using 'parallel' executor
[3.312s] DEBUG:colcon.colcon_parallel_executor.executor.parallel:run_until_complete
[3.313s] DEBUG:colcon.colcon_parallel_executor.executor.parallel:closing loop
[3.313s] DEBUG:colcon.colcon_parallel_executor.executor.parallel:loop closed
[3.313s] DEBUG:colcon.colcon_parallel_executor.executor.parallel:run_until_complete finished with '0'
[3.313s] DEBUG:colcon.colcon_core.event_reactor:joining thread
[3.766s] INFO:colcon.colcon_core.plugin_system:Skipping extension 'colcon_notification.desktop_notification.notify_send': Could not find 'notify-send'
[3.767s] INFO:colcon.colcon_core.plugin_system:Skipping extension 'colcon_notification.desktop_notification.terminal_notifier': Not used on non-Darwin systems
[3.767s] INFO:colcon.colcon_core.plugin_system:Skipping extension 'colcon_notification.desktop_notification.win32': Not used on non-Windows systems
[3.767s] INFO:colcon.colcon_notification.desktop_notification:Sending desktop notification using 'notify2'
[3.841s] DEBUG:colcon.colcon_notification.desktop_notification.notify2:Failed to initialize notify2: org.freedesktop.DBus.Error.ServiceUnknown: The name org.freedesktop.Notifications was not provided by any .service files
[3.842s] DEBUG:colcon.colcon_core.event_reactor:joined thread
[3.876s] INFO:colcon.colcon_core.plugin_system:Skipping extension 'colcon_core.shell.bat': Not used on non-Windows systems
[3.877s] INFO:colcon.colcon_core.shell:Creating prefix script '/home/jacksonaguiar/Questoes-Trabalhos-Inteli-M6/ponderada3/workspace/install/local_setup.ps1'
[3.883s] INFO:colcon.colcon_core.shell:Creating prefix util module '/home/jacksonaguiar/Questoes-Trabalhos-Inteli-M6/ponderada3/workspace/install/_local_setup_util_ps1.py'
[3.889s] INFO:colcon.colcon_core.shell:Creating prefix chain script '/home/jacksonaguiar/Questoes-Trabalhos-Inteli-M6/ponderada3/workspace/install/setup.ps1'
[3.894s] INFO:colcon.colcon_core.shell:Creating prefix script '/home/jacksonaguiar/Questoes-Trabalhos-Inteli-M6/ponderada3/workspace/install/local_setup.sh'
[3.896s] INFO:colcon.colcon_core.shell:Creating prefix util module '/home/jacksonaguiar/Questoes-Trabalhos-Inteli-M6/ponderada3/workspace/install/_local_setup_util_sh.py'
[3.898s] INFO:colcon.colcon_core.shell:Creating prefix chain script '/home/jacksonaguiar/Questoes-Trabalhos-Inteli-M6/ponderada3/workspace/install/setup.sh'
[3.904s] INFO:colcon.colcon_core.shell:Creating prefix script '/home/jacksonaguiar/Questoes-Trabalhos-Inteli-M6/ponderada3/workspace/install/local_setup.bash'
[3.907s] INFO:colcon.colcon_core.shell:Creating prefix chain script '/home/jacksonaguiar/Questoes-Trabalhos-Inteli-M6/ponderada3/workspace/install/setup.bash'
[3.913s] INFO:colcon.colcon_core.shell:Creating prefix script '/home/jacksonaguiar/Questoes-Trabalhos-Inteli-M6/ponderada3/workspace/install/local_setup.zsh'
[3.916s] INFO:colcon.colcon_core.shell:Creating prefix chain script '/home/jacksonaguiar/Questoes-Trabalhos-Inteli-M6/ponderada3/workspace/install/setup.zsh'
