[0.937s] DEBUG:colcon:Command line arguments: ['/usr/bin/colcon', 'build', '--symlink-install']
[0.937s] DEBUG:colcon:Parsed command line arguments: Namespace(log_base=None, log_level=None, verb_name='build', build_base='build', install_base='install', merge_install=False, symlink_install=True, test_result_base=None, continue_on_error=False, executor='parallel', parallel_workers=8, event_handlers=None, ignore_user_meta=False, metas=['./colcon.meta'], base_paths=['.'], packages_ignore=None, packages_ignore_regex=None, paths=None, packages_up_to=None, packages_up_to_regex=None, packages_above=None, packages_above_and_dependencies=None, packages_above_depth=None, packages_select_by_dep=None, packages_skip_by_dep=None, packages_skip_up_to=None, packages_select_build_failed=False, packages_skip_build_finished=False, packages_select_test_failures=False, packages_skip_test_passed=False, packages_select=None, packages_skip=None, packages_select_regex=None, packages_skip_regex=None, packages_start=None, packages_end=None, allow_overriding=[], cmake_args=None, cmake_target=None, cmake_target_skip_unavailable=False, cmake_clean_cache=False, cmake_clean_first=False, cmake_force_configure=False, ament_cmake_args=None, catkin_cmake_args=None, catkin_skip_building_tests=False, verb_parser=<colcon_defaults.argument_parser.defaults.DefaultArgumentsDecorator object at 0x7fe88ec02950>, verb_extension=<colcon_core.verb.build.BuildVerb object at 0x7fe88ec023e0>, main=<bound method BuildVerb.main of <colcon_core.verb.build.BuildVerb object at 0x7fe88ec023e0>>)
[0.974s] Level 1:colcon.colcon_core.package_discovery:discover_packages(colcon_meta) check parameters
[0.975s] Level 1:colcon.colcon_core.package_discovery:discover_packages(recursive) check parameters
[0.975s] Level 1:colcon.colcon_core.package_discovery:discover_packages(ignore) check parameters
[0.975s] Level 1:colcon.colcon_core.package_discovery:discover_packages(path) check parameters
[0.975s] Level 1:colcon.colcon_core.package_discovery:discover_packages(colcon_meta) discover
[0.975s] Level 1:colcon.colcon_core.package_discovery:discover_packages(recursive) discover
[0.975s] INFO:colcon.colcon_core.package_discovery:Crawling recursively for packages in '/home/jacksonaguiar/Questoes-Trabalhos-Inteli-M6/ponderada2/workspace'
[0.975s] Level 1:colcon.colcon_core.package_identification:_identify(.) by extensions ['ignore', 'ignore_ament_install']
[0.975s] Level 1:colcon.colcon_core.package_identification:_identify(.) by extension 'ignore'
[0.975s] Level 1:colcon.colcon_core.package_identification:_identify(.) by extension 'ignore_ament_install'
[0.975s] Level 1:colcon.colcon_core.package_identification:_identify(.) by extensions ['colcon_pkg']
[0.975s] Level 1:colcon.colcon_core.package_identification:_identify(.) by extension 'colcon_pkg'
[0.975s] Level 1:colcon.colcon_core.package_identification:_identify(.) by extensions ['colcon_meta']
[0.976s] Level 1:colcon.colcon_core.package_identification:_identify(.) by extension 'colcon_meta'
[0.976s] Level 1:colcon.colcon_core.package_identification:_identify(.) by extensions ['ros']
[0.976s] Level 1:colcon.colcon_core.package_identification:_identify(.) by extension 'ros'
[0.992s] Level 1:colcon.colcon_core.package_identification:_identify(.) by extensions ['cmake', 'python']
[0.992s] Level 1:colcon.colcon_core.package_identification:_identify(.) by extension 'cmake'
[0.992s] Level 1:colcon.colcon_core.package_identification:_identify(.) by extension 'python'
[0.993s] Level 1:colcon.colcon_core.package_identification:_identify(.) by extensions ['python_setup_py']
[0.993s] Level 1:colcon.colcon_core.package_identification:_identify(.) by extension 'python_setup_py'
[0.993s] Level 1:colcon.colcon_core.package_identification:_identify(build) by extensions ['ignore', 'ignore_ament_install']
[0.993s] Level 1:colcon.colcon_core.package_identification:_identify(build) by extension 'ignore'
[0.993s] Level 1:colcon.colcon_core.package_identification:_identify(build) ignored
[0.993s] Level 1:colcon.colcon_core.package_identification:_identify(install) by extensions ['ignore', 'ignore_ament_install']
[0.993s] Level 1:colcon.colcon_core.package_identification:_identify(install) by extension 'ignore'
[0.993s] Level 1:colcon.colcon_core.package_identification:_identify(install) ignored
[0.994s] Level 1:colcon.colcon_core.package_identification:_identify(log) by extensions ['ignore', 'ignore_ament_install']
[0.994s] Level 1:colcon.colcon_core.package_identification:_identify(log) by extension 'ignore'
[0.994s] Level 1:colcon.colcon_core.package_identification:_identify(log) ignored
[0.994s] Level 1:colcon.colcon_core.package_identification:_identify(src) by extensions ['ignore', 'ignore_ament_install']
[0.994s] Level 1:colcon.colcon_core.package_identification:_identify(src) by extension 'ignore'
[0.994s] Level 1:colcon.colcon_core.package_identification:_identify(src) by extension 'ignore_ament_install'
[0.994s] Level 1:colcon.colcon_core.package_identification:_identify(src) by extensions ['colcon_pkg']
[0.994s] Level 1:colcon.colcon_core.package_identification:_identify(src) by extension 'colcon_pkg'
[0.994s] Level 1:colcon.colcon_core.package_identification:_identify(src) by extensions ['colcon_meta']
[0.994s] Level 1:colcon.colcon_core.package_identification:_identify(src) by extension 'colcon_meta'
[0.994s] Level 1:colcon.colcon_core.package_identification:_identify(src) by extensions ['ros']
[0.994s] Level 1:colcon.colcon_core.package_identification:_identify(src) by extension 'ros'
[0.995s] Level 1:colcon.colcon_core.package_identification:_identify(src) by extensions ['cmake', 'python']
[0.995s] Level 1:colcon.colcon_core.package_identification:_identify(src) by extension 'cmake'
[0.995s] Level 1:colcon.colcon_core.package_identification:_identify(src) by extension 'python'
[0.995s] Level 1:colcon.colcon_core.package_identification:_identify(src) by extensions ['python_setup_py']
[0.995s] Level 1:colcon.colcon_core.package_identification:_identify(src) by extension 'python_setup_py'
[0.995s] Level 1:colcon.colcon_core.package_identification:_identify(src/robot_controller) by extensions ['ignore', 'ignore_ament_install']
[0.995s] Level 1:colcon.colcon_core.package_identification:_identify(src/robot_controller) by extension 'ignore'
[0.995s] Level 1:colcon.colcon_core.package_identification:_identify(src/robot_controller) by extension 'ignore_ament_install'
[0.995s] Level 1:colcon.colcon_core.package_identification:_identify(src/robot_controller) by extensions ['colcon_pkg']
[0.995s] Level 1:colcon.colcon_core.package_identification:_identify(src/robot_controller) by extension 'colcon_pkg'
[0.995s] Level 1:colcon.colcon_core.package_identification:_identify(src/robot_controller) by extensions ['colcon_meta']
[0.995s] Level 1:colcon.colcon_core.package_identification:_identify(src/robot_controller) by extension 'colcon_meta'
[0.995s] Level 1:colcon.colcon_core.package_identification:_identify(src/robot_controller) by extensions ['ros']
[0.995s] Level 1:colcon.colcon_core.package_identification:_identify(src/robot_controller) by extension 'ros'
[1.001s] DEBUG:colcon.colcon_core.package_identification:Package 'src/robot_controller' with type 'ros.ament_python' and name 'robot_controller'
[1.001s] Level 1:colcon.colcon_core.package_discovery:discover_packages(recursive) using defaults
[1.001s] Level 1:colcon.colcon_core.package_discovery:discover_packages(ignore) discover
[1.001s] Level 1:colcon.colcon_core.package_discovery:discover_packages(ignore) using defaults
[1.001s] Level 1:colcon.colcon_core.package_discovery:discover_packages(path) discover
[1.001s] Level 1:colcon.colcon_core.package_discovery:discover_packages(path) using defaults
[1.040s] Level 1:colcon.colcon_core.package_discovery:discover_packages(prefix_path) check parameters
[1.040s] Level 1:colcon.colcon_core.package_discovery:discover_packages(prefix_path) discover
[1.044s] DEBUG:colcon.colcon_installed_package_information.package_discovery:Found 3 installed packages in /home/jacksonaguiar/turtlebot3_ws/install
[1.046s] DEBUG:colcon.colcon_installed_package_information.package_discovery:Found 1 installed packages in /home/jacksonaguiar/Questoes-Trabalhos-Inteli-M6/ponderada2/workspace/install
[1.049s] DEBUG:colcon.colcon_installed_package_information.package_discovery:Found 376 installed packages in /opt/ros/humble
[1.052s] Level 1:colcon.colcon_core.package_discovery:discover_packages(prefix_path) using defaults
[1.181s] Level 5:colcon.colcon_core.verb:set package 'robot_controller' build argument 'cmake_args' from command line to 'None'
[1.181s] Level 5:colcon.colcon_core.verb:set package 'robot_controller' build argument 'cmake_target' from command line to 'None'
[1.182s] Level 5:colcon.colcon_core.verb:set package 'robot_controller' build argument 'cmake_target_skip_unavailable' from command line to 'False'
[1.182s] Level 5:colcon.colcon_core.verb:set package 'robot_controller' build argument 'cmake_clean_cache' from command line to 'False'
[1.182s] Level 5:colcon.colcon_core.verb:set package 'robot_controller' build argument 'cmake_clean_first' from command line to 'False'
[1.182s] Level 5:colcon.colcon_core.verb:set package 'robot_controller' build argument 'cmake_force_configure' from command line to 'False'
[1.182s] Level 5:colcon.colcon_core.verb:set package 'robot_controller' build argument 'ament_cmake_args' from command line to 'None'
[1.182s] Level 5:colcon.colcon_core.verb:set package 'robot_controller' build argument 'catkin_cmake_args' from command line to 'None'
[1.182s] Level 5:colcon.colcon_core.verb:set package 'robot_controller' build argument 'catkin_skip_building_tests' from command line to 'False'
[1.182s] DEBUG:colcon.colcon_core.verb:Building package 'robot_controller' with the following arguments: {'ament_cmake_args': None, 'build_base': '/home/jacksonaguiar/Questoes-Trabalhos-Inteli-M6/ponderada2/workspace/build/robot_controller', 'catkin_cmake_args': None, 'catkin_skip_building_tests': False, 'cmake_args': None, 'cmake_clean_cache': False, 'cmake_clean_first': False, 'cmake_force_configure': False, 'cmake_target': None, 'cmake_target_skip_unavailable': False, 'install_base': '/home/jacksonaguiar/Questoes-Trabalhos-Inteli-M6/ponderada2/workspace/install/robot_controller', 'merge_install': False, 'path': '/home/jacksonaguiar/Questoes-Trabalhos-Inteli-M6/ponderada2/workspace/src/robot_controller', 'symlink_install': True, 'test_result_base': None}
[1.183s] INFO:colcon.colcon_core.executor:Executing jobs using 'parallel' executor
[1.194s] DEBUG:colcon.colcon_parallel_executor.executor.parallel:run_until_complete
[1.194s] INFO:colcon.colcon_ros.task.ament_python.build:Building ROS package in '/home/jacksonaguiar/Questoes-Trabalhos-Inteli-M6/ponderada2/workspace/src/robot_controller' with build type 'ament_python'
[1.194s] Level 1:colcon.colcon_core.shell:create_environment_hook('robot_controller', 'ament_prefix_path')
[1.205s] INFO:colcon.colcon_core.plugin_system:Skipping extension 'colcon_core.shell.bat': Not used on non-Windows systems
[1.205s] INFO:colcon.colcon_core.shell:Creating environment hook '/home/jacksonaguiar/Questoes-Trabalhos-Inteli-M6/ponderada2/workspace/install/robot_controller/share/robot_controller/hook/ament_prefix_path.ps1'
[1.206s] INFO:colcon.colcon_core.shell:Creating environment descriptor '/home/jacksonaguiar/Questoes-Trabalhos-Inteli-M6/ponderada2/workspace/install/robot_controller/share/robot_controller/hook/ament_prefix_path.dsv'
[1.207s] INFO:colcon.colcon_core.shell:Creating environment hook '/home/jacksonaguiar/Questoes-Trabalhos-Inteli-M6/ponderada2/workspace/install/robot_controller/share/robot_controller/hook/ament_prefix_path.sh'
[1.210s] INFO:colcon.colcon_core.shell:Skip shell extension 'powershell' for command environment: Not usable outside of PowerShell
[1.210s] DEBUG:colcon.colcon_core.shell:Skip shell extension 'dsv' for command environment
[1.769s] INFO:colcon.colcon_core.task.python.build:Building Python package in '/home/jacksonaguiar/Questoes-Trabalhos-Inteli-M6/ponderada2/workspace/src/robot_controller'
[1.772s] INFO:colcon.colcon_core.shell:Skip shell extension 'powershell' for command environment: Not usable outside of PowerShell
[1.773s] DEBUG:colcon.colcon_core.shell:Skip shell extension 'dsv' for command environment
[2.384s] DEBUG:colcon.colcon_core.event_handler.log_command:Invoking command in '/home/jacksonaguiar/Questoes-Trabalhos-Inteli-M6/ponderada2/workspace/build/robot_controller': PYTHONPATH=/home/jacksonaguiar/Questoes-Trabalhos-Inteli-M6/ponderada2/workspace/build/robot_controller/prefix_override:/home/jacksonaguiar/Questoes-Trabalhos-Inteli-M6/ponderada2/workspace/install/robot_controller/lib/python3.10/site-packages:${PYTHONPATH} /usr/bin/python3 setup.py develop --editable --build-directory /home/jacksonaguiar/Questoes-Trabalhos-Inteli-M6/ponderada2/workspace/build/robot_controller/build --no-deps install_data
[3.157s] Level 1:colcon.colcon_core.shell:create_environment_hook('robot_controller', 'pythonpath_develop')
[3.160s] INFO:colcon.colcon_core.shell:Creating environment hook '/home/jacksonaguiar/Questoes-Trabalhos-Inteli-M6/ponderada2/workspace/build/robot_controller/share/robot_controller/hook/pythonpath_develop.ps1'
[3.160s] INFO:colcon.colcon_core.shell:Creating environment descriptor '/home/jacksonaguiar/Questoes-Trabalhos-Inteli-M6/ponderada2/workspace/build/robot_controller/share/robot_controller/hook/pythonpath_develop.dsv'
[3.161s] INFO:colcon.colcon_core.shell:Creating environment hook '/home/jacksonaguiar/Questoes-Trabalhos-Inteli-M6/ponderada2/workspace/build/robot_controller/share/robot_controller/hook/pythonpath_develop.sh'
[3.164s] DEBUG:colcon.colcon_core.event_handler.log_command:Invoked command in '/home/jacksonaguiar/Questoes-Trabalhos-Inteli-M6/ponderada2/workspace/build/robot_controller' returned '0': PYTHONPATH=/home/jacksonaguiar/Questoes-Trabalhos-Inteli-M6/ponderada2/workspace/build/robot_controller/prefix_override:/home/jacksonaguiar/Questoes-Trabalhos-Inteli-M6/ponderada2/workspace/install/robot_controller/lib/python3.10/site-packages:${PYTHONPATH} /usr/bin/python3 setup.py develop --editable --build-directory /home/jacksonaguiar/Questoes-Trabalhos-Inteli-M6/ponderada2/workspace/build/robot_controller/build --no-deps install_data
[3.169s] Level 1:colcon.colcon_core.environment:checking '/home/jacksonaguiar/Questoes-Trabalhos-Inteli-M6/ponderada2/workspace/install/robot_controller' for CMake module files
[3.170s] Level 1:colcon.colcon_core.environment:checking '/home/jacksonaguiar/Questoes-Trabalhos-Inteli-M6/ponderada2/workspace/install/robot_controller' for CMake config files
[3.171s] Level 1:colcon.colcon_core.environment:checking '/home/jacksonaguiar/Questoes-Trabalhos-Inteli-M6/ponderada2/workspace/install/robot_controller/lib'
[3.172s] Level 1:colcon.colcon_core.environment:checking '/home/jacksonaguiar/Questoes-Trabalhos-Inteli-M6/ponderada2/workspace/install/robot_controller/bin'
[3.172s] Level 1:colcon.colcon_core.environment:checking '/home/jacksonaguiar/Questoes-Trabalhos-Inteli-M6/ponderada2/workspace/install/robot_controller/lib/pkgconfig/robot_controller.pc'
[3.172s] Level 1:colcon.colcon_core.environment:checking '/home/jacksonaguiar/Questoes-Trabalhos-Inteli-M6/ponderada2/workspace/install/robot_controller/lib/python3.10/site-packages'
[3.173s] Level 1:colcon.colcon_core.shell:create_environment_hook('robot_controller', 'pythonpath')
[3.176s] INFO:colcon.colcon_core.shell:Creating environment hook '/home/jacksonaguiar/Questoes-Trabalhos-Inteli-M6/ponderada2/workspace/install/robot_controller/share/robot_controller/hook/pythonpath.ps1'
[3.176s] INFO:colcon.colcon_core.shell:Creating environment descriptor '/home/jacksonaguiar/Questoes-Trabalhos-Inteli-M6/ponderada2/workspace/install/robot_controller/share/robot_controller/hook/pythonpath.dsv'
[3.177s] INFO:colcon.colcon_core.shell:Creating environment hook '/home/jacksonaguiar/Questoes-Trabalhos-Inteli-M6/ponderada2/workspace/install/robot_controller/share/robot_controller/hook/pythonpath.sh'
[3.178s] Level 1:colcon.colcon_core.environment:checking '/home/jacksonaguiar/Questoes-Trabalhos-Inteli-M6/ponderada2/workspace/install/robot_controller/bin'
[3.179s] Level 1:colcon.colcon_core.environment:create_environment_scripts_only(robot_controller)
[3.180s] INFO:colcon.colcon_core.shell:Creating package script '/home/jacksonaguiar/Questoes-Trabalhos-Inteli-M6/ponderada2/workspace/install/robot_controller/share/robot_controller/package.ps1'
[3.181s] INFO:colcon.colcon_core.shell:Creating package descriptor '/home/jacksonaguiar/Questoes-Trabalhos-Inteli-M6/ponderada2/workspace/install/robot_controller/share/robot_controller/package.dsv'
[3.182s] INFO:colcon.colcon_core.shell:Creating package script '/home/jacksonaguiar/Questoes-Trabalhos-Inteli-M6/ponderada2/workspace/install/robot_controller/share/robot_controller/package.sh'
[3.184s] INFO:colcon.colcon_core.shell:Creating package script '/home/jacksonaguiar/Questoes-Trabalhos-Inteli-M6/ponderada2/workspace/install/robot_controller/share/robot_controller/package.bash'
[3.185s] INFO:colcon.colcon_core.shell:Creating package script '/home/jacksonaguiar/Questoes-Trabalhos-Inteli-M6/ponderada2/workspace/install/robot_controller/share/robot_controller/package.zsh'
[3.186s] Level 1:colcon.colcon_core.environment:create_file_with_runtime_dependencies(/home/jacksonaguiar/Questoes-Trabalhos-Inteli-M6/ponderada2/workspace/install/robot_controller/share/colcon-core/packages/robot_controller)
[3.187s] DEBUG:colcon.colcon_parallel_executor.executor.parallel:closing loop
[3.187s] DEBUG:colcon.colcon_parallel_executor.executor.parallel:loop closed
[3.187s] DEBUG:colcon.colcon_parallel_executor.executor.parallel:run_until_complete finished with '0'
[3.187s] DEBUG:colcon.colcon_core.event_reactor:joining thread
[3.388s] INFO:colcon.colcon_core.plugin_system:Skipping extension 'colcon_notification.desktop_notification.notify_send': Could not find 'notify-send'
[3.389s] INFO:colcon.colcon_core.plugin_system:Skipping extension 'colcon_notification.desktop_notification.terminal_notifier': Not used on non-Darwin systems
[3.389s] INFO:colcon.colcon_core.plugin_system:Skipping extension 'colcon_notification.desktop_notification.win32': Not used on non-Windows systems
[3.389s] INFO:colcon.colcon_notification.desktop_notification:Sending desktop notification using 'notify2'
[3.396s] DEBUG:colcon.colcon_notification.desktop_notification.notify2:Failed to initialize notify2: org.freedesktop.DBus.Error.ServiceUnknown: The name org.freedesktop.Notifications was not provided by any .service files
[3.397s] DEBUG:colcon.colcon_core.event_reactor:joined thread
[3.399s] INFO:colcon.colcon_core.shell:Creating prefix script '/home/jacksonaguiar/Questoes-Trabalhos-Inteli-M6/ponderada2/workspace/install/local_setup.ps1'
[3.400s] INFO:colcon.colcon_core.shell:Creating prefix util module '/home/jacksonaguiar/Questoes-Trabalhos-Inteli-M6/ponderada2/workspace/install/_local_setup_util_ps1.py'
[3.402s] INFO:colcon.colcon_core.shell:Creating prefix chain script '/home/jacksonaguiar/Questoes-Trabalhos-Inteli-M6/ponderada2/workspace/install/setup.ps1'
[3.406s] INFO:colcon.colcon_core.shell:Creating prefix script '/home/jacksonaguiar/Questoes-Trabalhos-Inteli-M6/ponderada2/workspace/install/local_setup.sh'
[3.407s] INFO:colcon.colcon_core.shell:Creating prefix util module '/home/jacksonaguiar/Questoes-Trabalhos-Inteli-M6/ponderada2/workspace/install/_local_setup_util_sh.py'
[3.408s] INFO:colcon.colcon_core.shell:Creating prefix chain script '/home/jacksonaguiar/Questoes-Trabalhos-Inteli-M6/ponderada2/workspace/install/setup.sh'
[3.411s] INFO:colcon.colcon_core.shell:Creating prefix script '/home/jacksonaguiar/Questoes-Trabalhos-Inteli-M6/ponderada2/workspace/install/local_setup.bash'
[3.411s] INFO:colcon.colcon_core.shell:Creating prefix chain script '/home/jacksonaguiar/Questoes-Trabalhos-Inteli-M6/ponderada2/workspace/install/setup.bash'
[3.413s] INFO:colcon.colcon_core.shell:Creating prefix script '/home/jacksonaguiar/Questoes-Trabalhos-Inteli-M6/ponderada2/workspace/install/local_setup.zsh'
[3.414s] INFO:colcon.colcon_core.shell:Creating prefix chain script '/home/jacksonaguiar/Questoes-Trabalhos-Inteli-M6/ponderada2/workspace/install/setup.zsh'
