[0.932s] DEBUG:colcon:Command line arguments: ['/usr/bin/colcon', 'build', '--symlink-install']
[0.932s] DEBUG:colcon:Parsed command line arguments: Namespace(log_base=None, log_level=None, verb_name='build', build_base='build', install_base='install', merge_install=False, symlink_install=True, test_result_base=None, continue_on_error=False, executor='parallel', parallel_workers=8, event_handlers=None, ignore_user_meta=False, metas=['./colcon.meta'], base_paths=['.'], packages_ignore=None, packages_ignore_regex=None, paths=None, packages_up_to=None, packages_up_to_regex=None, packages_above=None, packages_above_and_dependencies=None, packages_above_depth=None, packages_select_by_dep=None, packages_skip_by_dep=None, packages_skip_up_to=None, packages_select_build_failed=False, packages_skip_build_finished=False, packages_select_test_failures=False, packages_skip_test_passed=False, packages_select=None, packages_skip=None, packages_select_regex=None, packages_skip_regex=None, packages_start=None, packages_end=None, allow_overriding=[], cmake_args=None, cmake_target=None, cmake_target_skip_unavailable=False, cmake_clean_cache=False, cmake_clean_first=False, cmake_force_configure=False, ament_cmake_args=None, catkin_cmake_args=None, catkin_skip_building_tests=False, verb_parser=<colcon_defaults.argument_parser.defaults.DefaultArgumentsDecorator object at 0x7f9ed2505a50>, verb_extension=<colcon_core.verb.build.BuildVerb object at 0x7f9ed25054e0>, main=<bound method BuildVerb.main of <colcon_core.verb.build.BuildVerb object at 0x7f9ed25054e0>>)
[0.953s] Level 1:colcon.colcon_core.package_discovery:discover_packages(colcon_meta) check parameters
[0.953s] Level 1:colcon.colcon_core.package_discovery:discover_packages(recursive) check parameters
[0.953s] Level 1:colcon.colcon_core.package_discovery:discover_packages(ignore) check parameters
[0.953s] Level 1:colcon.colcon_core.package_discovery:discover_packages(path) check parameters
[0.953s] Level 1:colcon.colcon_core.package_discovery:discover_packages(colcon_meta) discover
[0.953s] Level 1:colcon.colcon_core.package_discovery:discover_packages(recursive) discover
[0.953s] INFO:colcon.colcon_core.package_discovery:Crawling recursively for packages in '/home/jacksonaguiar/Questoes-Trabalhos-Inteli-M6/ponderada3/workspace'
[0.953s] Level 1:colcon.colcon_core.package_identification:_identify(.) by extensions ['ignore', 'ignore_ament_install']
[0.953s] Level 1:colcon.colcon_core.package_identification:_identify(.) by extension 'ignore'
[0.953s] Level 1:colcon.colcon_core.package_identification:_identify(.) by extension 'ignore_ament_install'
[0.953s] Level 1:colcon.colcon_core.package_identification:_identify(.) by extensions ['colcon_pkg']
[0.953s] Level 1:colcon.colcon_core.package_identification:_identify(.) by extension 'colcon_pkg'
[0.953s] Level 1:colcon.colcon_core.package_identification:_identify(.) by extensions ['colcon_meta']
[0.953s] Level 1:colcon.colcon_core.package_identification:_identify(.) by extension 'colcon_meta'
[0.953s] Level 1:colcon.colcon_core.package_identification:_identify(.) by extensions ['ros']
[0.954s] Level 1:colcon.colcon_core.package_identification:_identify(.) by extension 'ros'
[0.963s] Level 1:colcon.colcon_core.package_identification:_identify(.) by extensions ['cmake', 'python']
[0.963s] Level 1:colcon.colcon_core.package_identification:_identify(.) by extension 'cmake'
[0.963s] Level 1:colcon.colcon_core.package_identification:_identify(.) by extension 'python'
[0.963s] Level 1:colcon.colcon_core.package_identification:_identify(.) by extensions ['python_setup_py']
[0.963s] Level 1:colcon.colcon_core.package_identification:_identify(.) by extension 'python_setup_py'
[0.963s] Level 1:colcon.colcon_core.package_identification:_identify(build) by extensions ['ignore', 'ignore_ament_install']
[0.963s] Level 1:colcon.colcon_core.package_identification:_identify(build) by extension 'ignore'
[0.964s] Level 1:colcon.colcon_core.package_identification:_identify(build) ignored
[0.964s] Level 1:colcon.colcon_core.package_identification:_identify(install) by extensions ['ignore', 'ignore_ament_install']
[0.964s] Level 1:colcon.colcon_core.package_identification:_identify(install) by extension 'ignore'
[0.964s] Level 1:colcon.colcon_core.package_identification:_identify(install) ignored
[0.964s] Level 1:colcon.colcon_core.package_identification:_identify(log) by extensions ['ignore', 'ignore_ament_install']
[0.964s] Level 1:colcon.colcon_core.package_identification:_identify(log) by extension 'ignore'
[0.964s] Level 1:colcon.colcon_core.package_identification:_identify(log) ignored
[0.964s] Level 1:colcon.colcon_core.package_identification:_identify(src) by extensions ['ignore', 'ignore_ament_install']
[0.964s] Level 1:colcon.colcon_core.package_identification:_identify(src) by extension 'ignore'
[0.964s] Level 1:colcon.colcon_core.package_identification:_identify(src) by extension 'ignore_ament_install'
[0.964s] Level 1:colcon.colcon_core.package_identification:_identify(src) by extensions ['colcon_pkg']
[0.964s] Level 1:colcon.colcon_core.package_identification:_identify(src) by extension 'colcon_pkg'
[0.964s] Level 1:colcon.colcon_core.package_identification:_identify(src) by extensions ['colcon_meta']
[0.964s] Level 1:colcon.colcon_core.package_identification:_identify(src) by extension 'colcon_meta'
[0.964s] Level 1:colcon.colcon_core.package_identification:_identify(src) by extensions ['ros']
[0.964s] Level 1:colcon.colcon_core.package_identification:_identify(src) by extension 'ros'
[0.964s] Level 1:colcon.colcon_core.package_identification:_identify(src) by extensions ['cmake', 'python']
[0.965s] Level 1:colcon.colcon_core.package_identification:_identify(src) by extension 'cmake'
[0.965s] Level 1:colcon.colcon_core.package_identification:_identify(src) by extension 'python'
[0.965s] Level 1:colcon.colcon_core.package_identification:_identify(src) by extensions ['python_setup_py']
[0.965s] Level 1:colcon.colcon_core.package_identification:_identify(src) by extension 'python_setup_py'
[0.965s] Level 1:colcon.colcon_core.package_identification:_identify(src/cv_controller) by extensions ['ignore', 'ignore_ament_install']
[0.965s] Level 1:colcon.colcon_core.package_identification:_identify(src/cv_controller) by extension 'ignore'
[0.965s] Level 1:colcon.colcon_core.package_identification:_identify(src/cv_controller) by extension 'ignore_ament_install'
[0.965s] Level 1:colcon.colcon_core.package_identification:_identify(src/cv_controller) by extensions ['colcon_pkg']
[0.965s] Level 1:colcon.colcon_core.package_identification:_identify(src/cv_controller) by extension 'colcon_pkg'
[0.965s] Level 1:colcon.colcon_core.package_identification:_identify(src/cv_controller) by extensions ['colcon_meta']
[0.965s] Level 1:colcon.colcon_core.package_identification:_identify(src/cv_controller) by extension 'colcon_meta'
[0.965s] Level 1:colcon.colcon_core.package_identification:_identify(src/cv_controller) by extensions ['ros']
[0.965s] Level 1:colcon.colcon_core.package_identification:_identify(src/cv_controller) by extension 'ros'
[0.968s] DEBUG:colcon.colcon_core.package_identification:Package 'src/cv_controller' with type 'ros.ament_python' and name 'cv_controller'
[0.968s] Level 1:colcon.colcon_core.package_discovery:discover_packages(recursive) using defaults
[0.968s] Level 1:colcon.colcon_core.package_discovery:discover_packages(ignore) discover
[0.968s] Level 1:colcon.colcon_core.package_discovery:discover_packages(ignore) using defaults
[0.968s] Level 1:colcon.colcon_core.package_discovery:discover_packages(path) discover
[0.968s] Level 1:colcon.colcon_core.package_discovery:discover_packages(path) using defaults
[0.989s] Level 1:colcon.colcon_core.package_discovery:discover_packages(prefix_path) check parameters
[0.989s] Level 1:colcon.colcon_core.package_discovery:discover_packages(prefix_path) discover
[0.991s] DEBUG:colcon.colcon_installed_package_information.package_discovery:Found 3 installed packages in /home/jacksonaguiar/turtlebot3_ws/install
[0.992s] DEBUG:colcon.colcon_installed_package_information.package_discovery:Found 1 installed packages in /home/jacksonaguiar/Questoes-Trabalhos-Inteli-M6/ponderada3/workspace/install
[0.993s] DEBUG:colcon.colcon_installed_package_information.package_discovery:Found 1 installed packages in /home/jacksonaguiar/Questoes-Trabalhos-Inteli-M6/ponderada2/workspace/install
[0.994s] DEBUG:colcon.colcon_installed_package_information.package_discovery:Found 376 installed packages in /opt/ros/humble
[0.996s] Level 1:colcon.colcon_core.package_discovery:discover_packages(prefix_path) using defaults
[1.061s] Level 5:colcon.colcon_core.verb:set package 'cv_controller' build argument 'cmake_args' from command line to 'None'
[1.061s] Level 5:colcon.colcon_core.verb:set package 'cv_controller' build argument 'cmake_target' from command line to 'None'
[1.061s] Level 5:colcon.colcon_core.verb:set package 'cv_controller' build argument 'cmake_target_skip_unavailable' from command line to 'False'
[1.061s] Level 5:colcon.colcon_core.verb:set package 'cv_controller' build argument 'cmake_clean_cache' from command line to 'False'
[1.061s] Level 5:colcon.colcon_core.verb:set package 'cv_controller' build argument 'cmake_clean_first' from command line to 'False'
[1.061s] Level 5:colcon.colcon_core.verb:set package 'cv_controller' build argument 'cmake_force_configure' from command line to 'False'
[1.061s] Level 5:colcon.colcon_core.verb:set package 'cv_controller' build argument 'ament_cmake_args' from command line to 'None'
[1.061s] Level 5:colcon.colcon_core.verb:set package 'cv_controller' build argument 'catkin_cmake_args' from command line to 'None'
[1.062s] Level 5:colcon.colcon_core.verb:set package 'cv_controller' build argument 'catkin_skip_building_tests' from command line to 'False'
[1.062s] DEBUG:colcon.colcon_core.verb:Building package 'cv_controller' with the following arguments: {'ament_cmake_args': None, 'build_base': '/home/jacksonaguiar/Questoes-Trabalhos-Inteli-M6/ponderada3/workspace/build/cv_controller', 'catkin_cmake_args': None, 'catkin_skip_building_tests': False, 'cmake_args': None, 'cmake_clean_cache': False, 'cmake_clean_first': False, 'cmake_force_configure': False, 'cmake_target': None, 'cmake_target_skip_unavailable': False, 'install_base': '/home/jacksonaguiar/Questoes-Trabalhos-Inteli-M6/ponderada3/workspace/install/cv_controller', 'merge_install': False, 'path': '/home/jacksonaguiar/Questoes-Trabalhos-Inteli-M6/ponderada3/workspace/src/cv_controller', 'symlink_install': True, 'test_result_base': None}
[1.062s] INFO:colcon.colcon_core.executor:Executing jobs using 'parallel' executor
[1.065s] DEBUG:colcon.colcon_parallel_executor.executor.parallel:run_until_complete
[1.065s] INFO:colcon.colcon_ros.task.ament_python.build:Building ROS package in '/home/jacksonaguiar/Questoes-Trabalhos-Inteli-M6/ponderada3/workspace/src/cv_controller' with build type 'ament_python'
[1.066s] Level 1:colcon.colcon_core.shell:create_environment_hook('cv_controller', 'ament_prefix_path')
[1.071s] INFO:colcon.colcon_core.plugin_system:Skipping extension 'colcon_core.shell.bat': Not used on non-Windows systems
[1.071s] INFO:colcon.colcon_core.shell:Creating environment hook '/home/jacksonaguiar/Questoes-Trabalhos-Inteli-M6/ponderada3/workspace/install/cv_controller/share/cv_controller/hook/ament_prefix_path.ps1'
[1.071s] INFO:colcon.colcon_core.shell:Creating environment descriptor '/home/jacksonaguiar/Questoes-Trabalhos-Inteli-M6/ponderada3/workspace/install/cv_controller/share/cv_controller/hook/ament_prefix_path.dsv'
[1.072s] INFO:colcon.colcon_core.shell:Creating environment hook '/home/jacksonaguiar/Questoes-Trabalhos-Inteli-M6/ponderada3/workspace/install/cv_controller/share/cv_controller/hook/ament_prefix_path.sh'
[1.073s] INFO:colcon.colcon_core.shell:Skip shell extension 'powershell' for command environment: Not usable outside of PowerShell
[1.073s] DEBUG:colcon.colcon_core.shell:Skip shell extension 'dsv' for command environment
[1.349s] INFO:colcon.colcon_core.task.python.build:Building Python package in '/home/jacksonaguiar/Questoes-Trabalhos-Inteli-M6/ponderada3/workspace/src/cv_controller'
[1.350s] INFO:colcon.colcon_core.shell:Skip shell extension 'powershell' for command environment: Not usable outside of PowerShell
[1.350s] DEBUG:colcon.colcon_core.shell:Skip shell extension 'dsv' for command environment
[1.752s] DEBUG:colcon.colcon_core.event_handler.log_command:Invoking command in '/home/jacksonaguiar/Questoes-Trabalhos-Inteli-M6/ponderada3/workspace/build/cv_controller': PYTHONPATH=/home/jacksonaguiar/Questoes-Trabalhos-Inteli-M6/ponderada3/workspace/build/cv_controller/prefix_override:/home/jacksonaguiar/Questoes-Trabalhos-Inteli-M6/ponderada3/workspace/install/cv_controller/lib/python3.10/site-packages:${PYTHONPATH} /usr/bin/python3 setup.py develop --editable --build-directory /home/jacksonaguiar/Questoes-Trabalhos-Inteli-M6/ponderada3/workspace/build/cv_controller/build --no-deps install_data
[2.372s] Level 1:colcon.colcon_core.shell:create_environment_hook('cv_controller', 'pythonpath_develop')
[2.373s] INFO:colcon.colcon_core.shell:Creating environment hook '/home/jacksonaguiar/Questoes-Trabalhos-Inteli-M6/ponderada3/workspace/build/cv_controller/share/cv_controller/hook/pythonpath_develop.ps1'
[2.373s] DEBUG:colcon.colcon_core.event_handler.log_command:Invoked command in '/home/jacksonaguiar/Questoes-Trabalhos-Inteli-M6/ponderada3/workspace/build/cv_controller' returned '0': PYTHONPATH=/home/jacksonaguiar/Questoes-Trabalhos-Inteli-M6/ponderada3/workspace/build/cv_controller/prefix_override:/home/jacksonaguiar/Questoes-Trabalhos-Inteli-M6/ponderada3/workspace/install/cv_controller/lib/python3.10/site-packages:${PYTHONPATH} /usr/bin/python3 setup.py develop --editable --build-directory /home/jacksonaguiar/Questoes-Trabalhos-Inteli-M6/ponderada3/workspace/build/cv_controller/build --no-deps install_data
[2.374s] INFO:colcon.colcon_core.shell:Creating environment descriptor '/home/jacksonaguiar/Questoes-Trabalhos-Inteli-M6/ponderada3/workspace/build/cv_controller/share/cv_controller/hook/pythonpath_develop.dsv'
[2.374s] INFO:colcon.colcon_core.shell:Creating environment hook '/home/jacksonaguiar/Questoes-Trabalhos-Inteli-M6/ponderada3/workspace/build/cv_controller/share/cv_controller/hook/pythonpath_develop.sh'
[2.378s] Level 1:colcon.colcon_core.environment:checking '/home/jacksonaguiar/Questoes-Trabalhos-Inteli-M6/ponderada3/workspace/install/cv_controller' for CMake module files
[2.378s] Level 1:colcon.colcon_core.environment:checking '/home/jacksonaguiar/Questoes-Trabalhos-Inteli-M6/ponderada3/workspace/install/cv_controller' for CMake config files
[2.379s] Level 1:colcon.colcon_core.environment:checking '/home/jacksonaguiar/Questoes-Trabalhos-Inteli-M6/ponderada3/workspace/install/cv_controller/lib'
[2.379s] Level 1:colcon.colcon_core.environment:checking '/home/jacksonaguiar/Questoes-Trabalhos-Inteli-M6/ponderada3/workspace/install/cv_controller/bin'
[2.379s] Level 1:colcon.colcon_core.environment:checking '/home/jacksonaguiar/Questoes-Trabalhos-Inteli-M6/ponderada3/workspace/install/cv_controller/lib/pkgconfig/cv_controller.pc'
[2.379s] Level 1:colcon.colcon_core.environment:checking '/home/jacksonaguiar/Questoes-Trabalhos-Inteli-M6/ponderada3/workspace/install/cv_controller/lib/python3.10/site-packages'
[2.379s] Level 1:colcon.colcon_core.shell:create_environment_hook('cv_controller', 'pythonpath')
[2.380s] INFO:colcon.colcon_core.shell:Creating environment hook '/home/jacksonaguiar/Questoes-Trabalhos-Inteli-M6/ponderada3/workspace/install/cv_controller/share/cv_controller/hook/pythonpath.ps1'
[2.380s] INFO:colcon.colcon_core.shell:Creating environment descriptor '/home/jacksonaguiar/Questoes-Trabalhos-Inteli-M6/ponderada3/workspace/install/cv_controller/share/cv_controller/hook/pythonpath.dsv'
[2.381s] INFO:colcon.colcon_core.shell:Creating environment hook '/home/jacksonaguiar/Questoes-Trabalhos-Inteli-M6/ponderada3/workspace/install/cv_controller/share/cv_controller/hook/pythonpath.sh'
[2.381s] Level 1:colcon.colcon_core.environment:checking '/home/jacksonaguiar/Questoes-Trabalhos-Inteli-M6/ponderada3/workspace/install/cv_controller/bin'
[2.381s] Level 1:colcon.colcon_core.environment:create_environment_scripts_only(cv_controller)
[2.382s] INFO:colcon.colcon_core.shell:Creating package script '/home/jacksonaguiar/Questoes-Trabalhos-Inteli-M6/ponderada3/workspace/install/cv_controller/share/cv_controller/package.ps1'
[2.383s] INFO:colcon.colcon_core.shell:Creating package descriptor '/home/jacksonaguiar/Questoes-Trabalhos-Inteli-M6/ponderada3/workspace/install/cv_controller/share/cv_controller/package.dsv'
[2.383s] INFO:colcon.colcon_core.shell:Creating package script '/home/jacksonaguiar/Questoes-Trabalhos-Inteli-M6/ponderada3/workspace/install/cv_controller/share/cv_controller/package.sh'
[2.384s] INFO:colcon.colcon_core.shell:Creating package script '/home/jacksonaguiar/Questoes-Trabalhos-Inteli-M6/ponderada3/workspace/install/cv_controller/share/cv_controller/package.bash'
[2.384s] INFO:colcon.colcon_core.shell:Creating package script '/home/jacksonaguiar/Questoes-Trabalhos-Inteli-M6/ponderada3/workspace/install/cv_controller/share/cv_controller/package.zsh'
[2.385s] Level 1:colcon.colcon_core.environment:create_file_with_runtime_dependencies(/home/jacksonaguiar/Questoes-Trabalhos-Inteli-M6/ponderada3/workspace/install/cv_controller/share/colcon-core/packages/cv_controller)
[2.385s] DEBUG:colcon.colcon_parallel_executor.executor.parallel:closing loop
[2.386s] DEBUG:colcon.colcon_parallel_executor.executor.parallel:loop closed
[2.387s] DEBUG:colcon.colcon_parallel_executor.executor.parallel:run_until_complete finished with '0'
[2.387s] DEBUG:colcon.colcon_core.event_reactor:joining thread
[2.532s] INFO:colcon.colcon_core.plugin_system:Skipping extension 'colcon_notification.desktop_notification.notify_send': Could not find 'notify-send'
[2.532s] INFO:colcon.colcon_core.plugin_system:Skipping extension 'colcon_notification.desktop_notification.terminal_notifier': Not used on non-Darwin systems
[2.532s] INFO:colcon.colcon_core.plugin_system:Skipping extension 'colcon_notification.desktop_notification.win32': Not used on non-Windows systems
[2.532s] INFO:colcon.colcon_notification.desktop_notification:Sending desktop notification using 'notify2'
[2.538s] DEBUG:colcon.colcon_notification.desktop_notification.notify2:Failed to initialize notify2: org.freedesktop.DBus.Error.ServiceUnknown: The name org.freedesktop.Notifications was not provided by any .service files
[2.539s] DEBUG:colcon.colcon_core.event_reactor:joined thread
[2.541s] INFO:colcon.colcon_core.shell:Creating prefix script '/home/jacksonaguiar/Questoes-Trabalhos-Inteli-M6/ponderada3/workspace/install/local_setup.ps1'
[2.542s] INFO:colcon.colcon_core.shell:Creating prefix util module '/home/jacksonaguiar/Questoes-Trabalhos-Inteli-M6/ponderada3/workspace/install/_local_setup_util_ps1.py'
[2.543s] INFO:colcon.colcon_core.shell:Creating prefix chain script '/home/jacksonaguiar/Questoes-Trabalhos-Inteli-M6/ponderada3/workspace/install/setup.ps1'
[2.545s] INFO:colcon.colcon_core.shell:Creating prefix script '/home/jacksonaguiar/Questoes-Trabalhos-Inteli-M6/ponderada3/workspace/install/local_setup.sh'
[2.545s] INFO:colcon.colcon_core.shell:Creating prefix util module '/home/jacksonaguiar/Questoes-Trabalhos-Inteli-M6/ponderada3/workspace/install/_local_setup_util_sh.py'
[2.546s] INFO:colcon.colcon_core.shell:Creating prefix chain script '/home/jacksonaguiar/Questoes-Trabalhos-Inteli-M6/ponderada3/workspace/install/setup.sh'
[2.547s] INFO:colcon.colcon_core.shell:Creating prefix script '/home/jacksonaguiar/Questoes-Trabalhos-Inteli-M6/ponderada3/workspace/install/local_setup.bash'
[2.548s] INFO:colcon.colcon_core.shell:Creating prefix chain script '/home/jacksonaguiar/Questoes-Trabalhos-Inteli-M6/ponderada3/workspace/install/setup.bash'
[2.549s] INFO:colcon.colcon_core.shell:Creating prefix script '/home/jacksonaguiar/Questoes-Trabalhos-Inteli-M6/ponderada3/workspace/install/local_setup.zsh'
[2.550s] INFO:colcon.colcon_core.shell:Creating prefix chain script '/home/jacksonaguiar/Questoes-Trabalhos-Inteli-M6/ponderada3/workspace/install/setup.zsh'
