running develop
running egg_info
creating cv_controller.egg-info
writing cv_controller.egg-info/PKG-INFO
writing dependency_links to cv_controller.egg-info/dependency_links.txt
writing entry points to cv_controller.egg-info/entry_points.txt
writing requirements to cv_controller.egg-info/requires.txt
writing top-level names to cv_controller.egg-info/top_level.txt
writing manifest file 'cv_controller.egg-info/SOURCES.txt'
reading manifest file 'cv_controller.egg-info/SOURCES.txt'
writing manifest file 'cv_controller.egg-info/SOURCES.txt'
running build_ext
Creating /home/jacksonaguiar/Questoes-Trabalhos-Inteli-M6/ponderada3/workspace/install/cv_controller/lib/python3.10/site-packages/cv-controller.egg-link (link to .)
Installing crake_detector script to /home/jacksonaguiar/Questoes-Trabalhos-Inteli-M6/ponderada3/workspace/install/cv_controller/lib/cv_controller

Installed /home/jacksonaguiar/Questoes-Trabalhos-Inteli-M6/ponderada3/workspace/build/cv_controller
running install_data
creating /home/jacksonaguiar/Questoes-Trabalhos-Inteli-M6/ponderada3/workspace/install/cv_controller/share/ament_index
creating /home/jacksonaguiar/Questoes-Trabalhos-Inteli-M6/ponderada3/workspace/install/cv_controller/share/ament_index/resource_index
creating /home/jacksonaguiar/Questoes-Trabalhos-Inteli-M6/ponderada3/workspace/install/cv_controller/share/ament_index/resource_index/packages
copying resource/cv_controller -> /home/jacksonaguiar/Questoes-Trabalhos-Inteli-M6/ponderada3/workspace/install/cv_controller/share/ament_index/resource_index/packages
copying package.xml -> /home/jacksonaguiar/Questoes-Trabalhos-Inteli-M6/ponderada3/workspace/install/cv_controller/share/cv_controller
