[1.853s] Invoking command in '/home/jacksonaguiar/Questoes-Trabalhos-Inteli-M6/ponderada3/workspace/build/cv_controller': PYTHONPATH=/home/jacksonaguiar/Questoes-Trabalhos-Inteli-M6/ponderada3/workspace/build/cv_controller/prefix_override:/home/jacksonaguiar/Questoes-Trabalhos-Inteli-M6/ponderada3/workspace/install/cv_controller/lib/python3.10/site-packages:${PYTHONPATH} /usr/bin/python3 setup.py develop --editable --build-directory /home/jacksonaguiar/Questoes-Trabalhos-Inteli-M6/ponderada3/workspace/build/cv_controller/build --no-deps install_data
[2.570s] running develop
[2.756s] running egg_info
[2.756s] creating cv_controller.egg-info
[2.756s] writing cv_controller.egg-info/PKG-INFO
[2.757s] writing dependency_links to cv_controller.egg-info/dependency_links.txt
[2.783s] writing entry points to cv_controller.egg-info/entry_points.txt
[2.783s] writing requirements to cv_controller.egg-info/requires.txt
[2.783s] writing top-level names to cv_controller.egg-info/top_level.txt
[2.784s] writing manifest file 'cv_controller.egg-info/SOURCES.txt'
[2.785s] reading manifest file 'cv_controller.egg-info/SOURCES.txt'
[2.786s] writing manifest file 'cv_controller.egg-info/SOURCES.txt'
[2.787s] running build_ext
[2.787s] Creating /home/jacksonaguiar/Questoes-Trabalhos-Inteli-M6/ponderada3/workspace/install/cv_controller/lib/python3.10/site-packages/cv-controller.egg-link (link to .)
[2.788s] Installing crake_detector script to /home/jacksonaguiar/Questoes-Trabalhos-Inteli-M6/ponderada3/workspace/install/cv_controller/lib/cv_controller
[2.788s] 
[2.788s] Installed /home/jacksonaguiar/Questoes-Trabalhos-Inteli-M6/ponderada3/workspace/build/cv_controller
[2.789s] running install_data
[2.789s] creating /home/jacksonaguiar/Questoes-Trabalhos-Inteli-M6/ponderada3/workspace/install/cv_controller/share/ament_index
[2.789s] creating /home/jacksonaguiar/Questoes-Trabalhos-Inteli-M6/ponderada3/workspace/install/cv_controller/share/ament_index/resource_index
[2.789s] creating /home/jacksonaguiar/Questoes-Trabalhos-Inteli-M6/ponderada3/workspace/install/cv_controller/share/ament_index/resource_index/packages
[2.789s] copying resource/cv_controller -> /home/jacksonaguiar/Questoes-Trabalhos-Inteli-M6/ponderada3/workspace/install/cv_controller/share/ament_index/resource_index/packages
[2.789s] copying package.xml -> /home/jacksonaguiar/Questoes-Trabalhos-Inteli-M6/ponderada3/workspace/install/cv_controller/share/cv_controller
[2.816s] Invoked command in '/home/jacksonaguiar/Questoes-Trabalhos-Inteli-M6/ponderada3/workspace/build/cv_controller' returned '0': PYTHONPATH=/home/jacksonaguiar/Questoes-Trabalhos-Inteli-M6/ponderada3/workspace/build/cv_controller/prefix_override:/home/jacksonaguiar/Questoes-Trabalhos-Inteli-M6/ponderada3/workspace/install/cv_controller/lib/python3.10/site-packages:${PYTHONPATH} /usr/bin/python3 setup.py develop --editable --build-directory /home/jacksonaguiar/Questoes-Trabalhos-Inteli-M6/ponderada3/workspace/build/cv_controller/build --no-deps install_data
