[0.679s] DEBUG:colcon:Command line arguments: ['/usr/bin/colcon', 'build', '--symlink-install']
[0.679s] DEBUG:colcon:Parsed command line arguments: Namespace(log_base=None, log_level=None, verb_name='build', build_base='build', install_base='install', merge_install=False, symlink_install=True, test_result_base=None, continue_on_error=False, executor='parallel', parallel_workers=8, event_handlers=None, ignore_user_meta=False, metas=['./colcon.meta'], base_paths=['.'], packages_ignore=None, packages_ignore_regex=None, paths=None, packages_up_to=None, packages_up_to_regex=None, packages_above=None, packages_above_and_dependencies=None, packages_above_depth=None, packages_select_by_dep=None, packages_skip_by_dep=None, packages_skip_up_to=None, packages_select_build_failed=False, packages_skip_build_finished=False, packages_select_test_failures=False, packages_skip_test_passed=False, packages_select=None, packages_skip=None, packages_select_regex=None, packages_skip_regex=None, packages_start=None, packages_end=None, allow_overriding=[], cmake_args=None, cmake_target=None, cmake_target_skip_unavailable=False, cmake_clean_cache=False, cmake_clean_first=False, cmake_force_configure=False, ament_cmake_args=None, catkin_cmake_args=None, catkin_skip_building_tests=False, verb_parser=<colcon_defaults.argument_parser.defaults.DefaultArgumentsDecorator object at 0x7efc44525ba0>, verb_extension=<colcon_core.verb.build.BuildVerb object at 0x7efc44525630>, main=<bound method BuildVerb.main of <colcon_core.verb.build.BuildVerb object at 0x7efc44525630>>)
[0.708s] Level 1:colcon.colcon_core.package_discovery:discover_packages(colcon_meta) check parameters
[0.708s] Level 1:colcon.colcon_core.package_discovery:discover_packages(recursive) check parameters
[0.708s] Level 1:colcon.colcon_core.package_discovery:discover_packages(ignore) check parameters
[0.708s] Level 1:colcon.colcon_core.package_discovery:discover_packages(path) check parameters
[0.708s] Level 1:colcon.colcon_core.package_discovery:discover_packages(colcon_meta) discover
[0.708s] Level 1:colcon.colcon_core.package_discovery:discover_packages(recursive) discover
[0.708s] INFO:colcon.colcon_core.package_discovery:Crawling recursively for packages in '/home/jacksonaguiar/Questoes-Trabalhos-Inteli-M6/ponderada3/workspace/src/cv_controller'
[0.709s] Level 1:colcon.colcon_core.package_identification:_identify(.) by extensions ['ignore', 'ignore_ament_install']
[0.709s] Level 1:colcon.colcon_core.package_identification:_identify(.) by extension 'ignore'
[0.709s] Level 1:colcon.colcon_core.package_identification:_identify(.) by extension 'ignore_ament_install'
[0.709s] Level 1:colcon.colcon_core.package_identification:_identify(.) by extensions ['colcon_pkg']
[0.709s] Level 1:colcon.colcon_core.package_identification:_identify(.) by extension 'colcon_pkg'
[0.709s] Level 1:colcon.colcon_core.package_identification:_identify(.) by extensions ['colcon_meta']
[0.709s] Level 1:colcon.colcon_core.package_identification:_identify(.) by extension 'colcon_meta'
[0.709s] Level 1:colcon.colcon_core.package_identification:_identify(.) by extensions ['ros']
[0.709s] Level 1:colcon.colcon_core.package_identification:_identify(.) by extension 'ros'
[0.726s] DEBUG:colcon.colcon_core.package_identification:Package '.' with type 'ros.ament_python' and name 'cv_controller'
[0.726s] Level 1:colcon.colcon_core.package_discovery:discover_packages(recursive) using defaults
[0.726s] Level 1:colcon.colcon_core.package_discovery:discover_packages(ignore) discover
[0.726s] Level 1:colcon.colcon_core.package_discovery:discover_packages(ignore) using defaults
[0.726s] Level 1:colcon.colcon_core.package_discovery:discover_packages(path) discover
[0.726s] Level 1:colcon.colcon_core.package_discovery:discover_packages(path) using defaults
[0.750s] Level 1:colcon.colcon_core.package_discovery:discover_packages(prefix_path) check parameters
[0.750s] Level 1:colcon.colcon_core.package_discovery:discover_packages(prefix_path) discover
[0.753s] DEBUG:colcon.colcon_installed_package_information.package_discovery:Found 3 installed packages in /home/jacksonaguiar/turtlebot3_ws/install
[0.754s] DEBUG:colcon.colcon_installed_package_information.package_discovery:Found 1 installed packages in /home/jacksonaguiar/Questoes-Trabalhos-Inteli-M6/ponderada3/workspace/install
[0.754s] DEBUG:colcon.colcon_installed_package_information.package_discovery:Found 1 installed packages in /home/jacksonaguiar/Questoes-Trabalhos-Inteli-M6/ponderada2/workspace/install
[0.756s] DEBUG:colcon.colcon_installed_package_information.package_discovery:Found 376 installed packages in /opt/ros/humble
[0.758s] Level 1:colcon.colcon_core.package_discovery:discover_packages(prefix_path) using defaults
[0.828s] Level 5:colcon.colcon_core.verb:set package 'cv_controller' build argument 'cmake_args' from command line to 'None'
[0.828s] Level 5:colcon.colcon_core.verb:set package 'cv_controller' build argument 'cmake_target' from command line to 'None'
[0.828s] Level 5:colcon.colcon_core.verb:set package 'cv_controller' build argument 'cmake_target_skip_unavailable' from command line to 'False'
[0.828s] Level 5:colcon.colcon_core.verb:set package 'cv_controller' build argument 'cmake_clean_cache' from command line to 'False'
[0.828s] Level 5:colcon.colcon_core.verb:set package 'cv_controller' build argument 'cmake_clean_first' from command line to 'False'
[0.828s] Level 5:colcon.colcon_core.verb:set package 'cv_controller' build argument 'cmake_force_configure' from command line to 'False'
[0.828s] Level 5:colcon.colcon_core.verb:set package 'cv_controller' build argument 'ament_cmake_args' from command line to 'None'
[0.828s] Level 5:colcon.colcon_core.verb:set package 'cv_controller' build argument 'catkin_cmake_args' from command line to 'None'
[0.828s] Level 5:colcon.colcon_core.verb:set package 'cv_controller' build argument 'catkin_skip_building_tests' from command line to 'False'
[0.829s] DEBUG:colcon.colcon_core.verb:Building package 'cv_controller' with the following arguments: {'ament_cmake_args': None, 'build_base': '/home/jacksonaguiar/Questoes-Trabalhos-Inteli-M6/ponderada3/workspace/src/cv_controller/build/cv_controller', 'catkin_cmake_args': None, 'catkin_skip_building_tests': False, 'cmake_args': None, 'cmake_clean_cache': False, 'cmake_clean_first': False, 'cmake_force_configure': False, 'cmake_target': None, 'cmake_target_skip_unavailable': False, 'install_base': '/home/jacksonaguiar/Questoes-Trabalhos-Inteli-M6/ponderada3/workspace/src/cv_controller/install/cv_controller', 'merge_install': False, 'path': '/home/jacksonaguiar/Questoes-Trabalhos-Inteli-M6/ponderada3/workspace/src/cv_controller', 'symlink_install': True, 'test_result_base': None}
[0.829s] INFO:colcon.colcon_core.executor:Executing jobs using 'parallel' executor
[0.833s] DEBUG:colcon.colcon_parallel_executor.executor.parallel:run_until_complete
[0.833s] INFO:colcon.colcon_ros.task.ament_python.build:Building ROS package in '/home/jacksonaguiar/Questoes-Trabalhos-Inteli-M6/ponderada3/workspace/src/cv_controller' with build type 'ament_python'
[0.833s] Level 1:colcon.colcon_core.shell:create_environment_hook('cv_controller', 'ament_prefix_path')
[0.838s] INFO:colcon.colcon_core.plugin_system:Skipping extension 'colcon_core.shell.bat': Not used on non-Windows systems
[0.838s] INFO:colcon.colcon_core.shell:Creating environment hook '/home/jacksonaguiar/Questoes-Trabalhos-Inteli-M6/ponderada3/workspace/src/cv_controller/install/cv_controller/share/cv_controller/hook/ament_prefix_path.ps1'
[0.840s] INFO:colcon.colcon_core.shell:Creating environment descriptor '/home/jacksonaguiar/Questoes-Trabalhos-Inteli-M6/ponderada3/workspace/src/cv_controller/install/cv_controller/share/cv_controller/hook/ament_prefix_path.dsv'
[0.840s] INFO:colcon.colcon_core.shell:Creating environment hook '/home/jacksonaguiar/Questoes-Trabalhos-Inteli-M6/ponderada3/workspace/src/cv_controller/install/cv_controller/share/cv_controller/hook/ament_prefix_path.sh'
[0.842s] INFO:colcon.colcon_core.shell:Skip shell extension 'powershell' for command environment: Not usable outside of PowerShell
[0.842s] DEBUG:colcon.colcon_core.shell:Skip shell extension 'dsv' for command environment
[1.121s] INFO:colcon.colcon_core.task.python.build:Building Python package in '/home/jacksonaguiar/Questoes-Trabalhos-Inteli-M6/ponderada3/workspace/src/cv_controller'
[1.123s] INFO:colcon.colcon_core.shell:Skip shell extension 'powershell' for command environment: Not usable outside of PowerShell
[1.123s] DEBUG:colcon.colcon_core.shell:Skip shell extension 'dsv' for command environment
[1.499s] DEBUG:colcon.colcon_core.event_handler.log_command:Invoking command in '/home/jacksonaguiar/Questoes-Trabalhos-Inteli-M6/ponderada3/workspace/src/cv_controller/build/cv_controller': PYTHONPATH=/home/jacksonaguiar/Questoes-Trabalhos-Inteli-M6/ponderada3/workspace/src/cv_controller/build/cv_controller/prefix_override:/home/jacksonaguiar/Questoes-Trabalhos-Inteli-M6/ponderada3/workspace/src/cv_controller/install/cv_controller/lib/python3.10/site-packages:${PYTHONPATH} /usr/bin/python3 setup.py develop --editable --build-directory /home/jacksonaguiar/Questoes-Trabalhos-Inteli-M6/ponderada3/workspace/src/cv_controller/build/cv_controller/build --no-deps install_data
[1.945s] Level 1:colcon.colcon_core.shell:create_environment_hook('cv_controller', 'pythonpath_develop')
[1.947s] INFO:colcon.colcon_core.shell:Creating environment hook '/home/jacksonaguiar/Questoes-Trabalhos-Inteli-M6/ponderada3/workspace/src/cv_controller/build/cv_controller/share/cv_controller/hook/pythonpath_develop.ps1'
[1.948s] DEBUG:colcon.colcon_core.event_handler.log_command:Invoked command in '/home/jacksonaguiar/Questoes-Trabalhos-Inteli-M6/ponderada3/workspace/src/cv_controller/build/cv_controller' returned '0': PYTHONPATH=/home/jacksonaguiar/Questoes-Trabalhos-Inteli-M6/ponderada3/workspace/src/cv_controller/build/cv_controller/prefix_override:/home/jacksonaguiar/Questoes-Trabalhos-Inteli-M6/ponderada3/workspace/src/cv_controller/install/cv_controller/lib/python3.10/site-packages:${PYTHONPATH} /usr/bin/python3 setup.py develop --editable --build-directory /home/jacksonaguiar/Questoes-Trabalhos-Inteli-M6/ponderada3/workspace/src/cv_controller/build/cv_controller/build --no-deps install_data
[1.949s] INFO:colcon.colcon_core.shell:Creating environment descriptor '/home/jacksonaguiar/Questoes-Trabalhos-Inteli-M6/ponderada3/workspace/src/cv_controller/build/cv_controller/share/cv_controller/hook/pythonpath_develop.dsv'
[1.949s] INFO:colcon.colcon_core.shell:Creating environment hook '/home/jacksonaguiar/Questoes-Trabalhos-Inteli-M6/ponderada3/workspace/src/cv_controller/build/cv_controller/share/cv_controller/hook/pythonpath_develop.sh'
[1.954s] Level 1:colcon.colcon_core.environment:checking '/home/jacksonaguiar/Questoes-Trabalhos-Inteli-M6/ponderada3/workspace/src/cv_controller/install/cv_controller' for CMake module files
[1.954s] Level 1:colcon.colcon_core.environment:checking '/home/jacksonaguiar/Questoes-Trabalhos-Inteli-M6/ponderada3/workspace/src/cv_controller/install/cv_controller' for CMake config files
[1.955s] Level 1:colcon.colcon_core.environment:checking '/home/jacksonaguiar/Questoes-Trabalhos-Inteli-M6/ponderada3/workspace/src/cv_controller/install/cv_controller/lib'
[1.955s] Level 1:colcon.colcon_core.environment:checking '/home/jacksonaguiar/Questoes-Trabalhos-Inteli-M6/ponderada3/workspace/src/cv_controller/install/cv_controller/bin'
[1.955s] Level 1:colcon.colcon_core.environment:checking '/home/jacksonaguiar/Questoes-Trabalhos-Inteli-M6/ponderada3/workspace/src/cv_controller/install/cv_controller/lib/pkgconfig/cv_controller.pc'
[1.955s] Level 1:colcon.colcon_core.environment:checking '/home/jacksonaguiar/Questoes-Trabalhos-Inteli-M6/ponderada3/workspace/src/cv_controller/install/cv_controller/lib/python3.10/site-packages'
[1.956s] Level 1:colcon.colcon_core.shell:create_environment_hook('cv_controller', 'pythonpath')
[1.957s] INFO:colcon.colcon_core.shell:Creating environment hook '/home/jacksonaguiar/Questoes-Trabalhos-Inteli-M6/ponderada3/workspace/src/cv_controller/install/cv_controller/share/cv_controller/hook/pythonpath.ps1'
[1.957s] INFO:colcon.colcon_core.shell:Creating environment descriptor '/home/jacksonaguiar/Questoes-Trabalhos-Inteli-M6/ponderada3/workspace/src/cv_controller/install/cv_controller/share/cv_controller/hook/pythonpath.dsv'
[1.957s] INFO:colcon.colcon_core.shell:Creating environment hook '/home/jacksonaguiar/Questoes-Trabalhos-Inteli-M6/ponderada3/workspace/src/cv_controller/install/cv_controller/share/cv_controller/hook/pythonpath.sh'
[1.958s] Level 1:colcon.colcon_core.environment:checking '/home/jacksonaguiar/Questoes-Trabalhos-Inteli-M6/ponderada3/workspace/src/cv_controller/install/cv_controller/bin'
[1.958s] Level 1:colcon.colcon_core.environment:create_environment_scripts_only(cv_controller)
[1.960s] INFO:colcon.colcon_core.shell:Creating package script '/home/jacksonaguiar/Questoes-Trabalhos-Inteli-M6/ponderada3/workspace/src/cv_controller/install/cv_controller/share/cv_controller/package.ps1'
[1.961s] INFO:colcon.colcon_core.shell:Creating package descriptor '/home/jacksonaguiar/Questoes-Trabalhos-Inteli-M6/ponderada3/workspace/src/cv_controller/install/cv_controller/share/cv_controller/package.dsv'
[1.961s] INFO:colcon.colcon_core.shell:Creating package script '/home/jacksonaguiar/Questoes-Trabalhos-Inteli-M6/ponderada3/workspace/src/cv_controller/install/cv_controller/share/cv_controller/package.sh'
[1.962s] INFO:colcon.colcon_core.shell:Creating package script '/home/jacksonaguiar/Questoes-Trabalhos-Inteli-M6/ponderada3/workspace/src/cv_controller/install/cv_controller/share/cv_controller/package.bash'
[1.963s] INFO:colcon.colcon_core.shell:Creating package script '/home/jacksonaguiar/Questoes-Trabalhos-Inteli-M6/ponderada3/workspace/src/cv_controller/install/cv_controller/share/cv_controller/package.zsh'
[1.964s] Level 1:colcon.colcon_core.environment:create_file_with_runtime_dependencies(/home/jacksonaguiar/Questoes-Trabalhos-Inteli-M6/ponderada3/workspace/src/cv_controller/install/cv_controller/share/colcon-core/packages/cv_controller)
[1.964s] DEBUG:colcon.colcon_parallel_executor.executor.parallel:closing loop
[1.965s] DEBUG:colcon.colcon_parallel_executor.executor.parallel:loop closed
[1.965s] DEBUG:colcon.colcon_parallel_executor.executor.parallel:run_until_complete finished with '0'
[1.965s] DEBUG:colcon.colcon_core.event_reactor:joining thread
[2.121s] INFO:colcon.colcon_core.plugin_system:Skipping extension 'colcon_notification.desktop_notification.notify_send': Could not find 'notify-send'
[2.121s] INFO:colcon.colcon_core.plugin_system:Skipping extension 'colcon_notification.desktop_notification.terminal_notifier': Not used on non-Darwin systems
[2.121s] INFO:colcon.colcon_core.plugin_system:Skipping extension 'colcon_notification.desktop_notification.win32': Not used on non-Windows systems
[2.121s] INFO:colcon.colcon_notification.desktop_notification:Sending desktop notification using 'notify2'
[2.127s] DEBUG:colcon.colcon_notification.desktop_notification.notify2:Failed to initialize notify2: org.freedesktop.DBus.Error.ServiceUnknown: The name org.freedesktop.Notifications was not provided by any .service files
[2.128s] DEBUG:colcon.colcon_core.event_reactor:joined thread
[2.129s] INFO:colcon.colcon_core.shell:Creating prefix script '/home/jacksonaguiar/Questoes-Trabalhos-Inteli-M6/ponderada3/workspace/src/cv_controller/install/local_setup.ps1'
[2.130s] INFO:colcon.colcon_core.shell:Creating prefix util module '/home/jacksonaguiar/Questoes-Trabalhos-Inteli-M6/ponderada3/workspace/src/cv_controller/install/_local_setup_util_ps1.py'
[2.132s] INFO:colcon.colcon_core.shell:Creating prefix chain script '/home/jacksonaguiar/Questoes-Trabalhos-Inteli-M6/ponderada3/workspace/src/cv_controller/install/setup.ps1'
[2.133s] INFO:colcon.colcon_core.shell:Creating prefix script '/home/jacksonaguiar/Questoes-Trabalhos-Inteli-M6/ponderada3/workspace/src/cv_controller/install/local_setup.sh'
[2.134s] INFO:colcon.colcon_core.shell:Creating prefix util module '/home/jacksonaguiar/Questoes-Trabalhos-Inteli-M6/ponderada3/workspace/src/cv_controller/install/_local_setup_util_sh.py'
[2.134s] INFO:colcon.colcon_core.shell:Creating prefix chain script '/home/jacksonaguiar/Questoes-Trabalhos-Inteli-M6/ponderada3/workspace/src/cv_controller/install/setup.sh'
[2.135s] INFO:colcon.colcon_core.shell:Creating prefix script '/home/jacksonaguiar/Questoes-Trabalhos-Inteli-M6/ponderada3/workspace/src/cv_controller/install/local_setup.bash'
[2.136s] INFO:colcon.colcon_core.shell:Creating prefix chain script '/home/jacksonaguiar/Questoes-Trabalhos-Inteli-M6/ponderada3/workspace/src/cv_controller/install/setup.bash'
[2.137s] INFO:colcon.colcon_core.shell:Creating prefix script '/home/jacksonaguiar/Questoes-Trabalhos-Inteli-M6/ponderada3/workspace/src/cv_controller/install/local_setup.zsh'
[2.137s] INFO:colcon.colcon_core.shell:Creating prefix chain script '/home/jacksonaguiar/Questoes-Trabalhos-Inteli-M6/ponderada3/workspace/src/cv_controller/install/setup.zsh'
