[0.664s] Invoking command in '/home/jacksonaguiar/Questoes-Trabalhos-Inteli-M6/ponderada3/workspace/src/cv_controller/build/cv_controller': PYTHONPATH=/home/jacksonaguiar/Questoes-Trabalhos-Inteli-M6/ponderada3/workspace/src/cv_controller/build/cv_controller/prefix_override:/home/jacksonaguiar/Questoes-Trabalhos-Inteli-M6/ponderada3/workspace/src/cv_controller/install/cv_controller/lib/python3.10/site-packages:${PYTHONPATH} /usr/bin/python3 setup.py develop --editable --build-directory /home/jacksonaguiar/Questoes-Trabalhos-Inteli-M6/ponderada3/workspace/src/cv_controller/build/cv_controller/build --no-deps install_data
[0.909s] running develop
[1.072s] running egg_info
[1.072s] creating cv_controller.egg-info
[1.073s] writing cv_controller.egg-info/PKG-INFO
[1.073s] writing dependency_links to cv_controller.egg-info/dependency_links.txt
[1.074s] writing entry points to cv_controller.egg-info/entry_points.txt
[1.074s] writing requirements to cv_controller.egg-info/requires.txt
[1.074s] writing top-level names to cv_controller.egg-info/top_level.txt
[1.074s] writing manifest file 'cv_controller.egg-info/SOURCES.txt'
[1.075s] reading manifest file 'cv_controller.egg-info/SOURCES.txt'
[1.076s] writing manifest file 'cv_controller.egg-info/SOURCES.txt'
[1.079s] running build_ext
[1.079s] Creating /home/jacksonaguiar/Questoes-Trabalhos-Inteli-M6/ponderada3/workspace/src/cv_controller/install/cv_controller/lib/python3.10/site-packages/cv-controller.egg-link (link to .)
[1.080s] Installing crake_detector script to /home/jacksonaguiar/Questoes-Trabalhos-Inteli-M6/ponderada3/workspace/src/cv_controller/install/cv_controller/lib/cv_controller
[1.080s] 
[1.080s] Installed /home/jacksonaguiar/Questoes-Trabalhos-Inteli-M6/ponderada3/workspace/src/cv_controller/build/cv_controller
[1.080s] running install_data
[1.081s] creating /home/jacksonaguiar/Questoes-Trabalhos-Inteli-M6/ponderada3/workspace/src/cv_controller/install/cv_controller/share/ament_index
[1.081s] creating /home/jacksonaguiar/Questoes-Trabalhos-Inteli-M6/ponderada3/workspace/src/cv_controller/install/cv_controller/share/ament_index/resource_index
[1.081s] creating /home/jacksonaguiar/Questoes-Trabalhos-Inteli-M6/ponderada3/workspace/src/cv_controller/install/cv_controller/share/ament_index/resource_index/packages
[1.081s] copying resource/cv_controller -> /home/jacksonaguiar/Questoes-Trabalhos-Inteli-M6/ponderada3/workspace/src/cv_controller/install/cv_controller/share/ament_index/resource_index/packages
[1.081s] copying package.xml -> /home/jacksonaguiar/Questoes-Trabalhos-Inteli-M6/ponderada3/workspace/src/cv_controller/install/cv_controller/share/cv_controller
[1.113s] Invoked command in '/home/jacksonaguiar/Questoes-Trabalhos-Inteli-M6/ponderada3/workspace/src/cv_controller/build/cv_controller' returned '0': PYTHONPATH=/home/jacksonaguiar/Questoes-Trabalhos-Inteli-M6/ponderada3/workspace/src/cv_controller/build/cv_controller/prefix_override:/home/jacksonaguiar/Questoes-Trabalhos-Inteli-M6/ponderada3/workspace/src/cv_controller/install/cv_controller/lib/python3.10/site-packages:${PYTHONPATH} /usr/bin/python3 setup.py develop --editable --build-directory /home/jacksonaguiar/Questoes-Trabalhos-Inteli-M6/ponderada3/workspace/src/cv_controller/build/cv_controller/build --no-deps install_data
